<?xml version="1.0" encoding="UTF-8"?>
<coverage generated="1683140231426" clover="3.2.0">
  <project timestamp="1683140231426" name="All files">
    <metrics statements="306" coveredstatements="198" conditionals="70" coveredconditionals="24" methods="125" coveredmethods="47" elements="501" coveredelements="269" complexity="0" loc="306" ncloc="306" packages="7" files="20" classes="20">
      <package name="seubarriga">
        <metrics statements="1" coveredstatements="1" conditionals="0" coveredconditionals="0" methods="0" coveredmethods="0"/>
        <file name="knexfile.js" path="C:\Users\Zetsu\Desktop\Codigos\seubarriga\knexfile.js">
          <metrics statements="1" coveredstatements="1" conditionals="0" coveredconditionals="0" methods="0" coveredmethods="0"/>
          <line num="1" count="7" type="stmt"/>
        </file>
      </package>
      <package name="seubarriga.src">
        <metrics statements="16" coveredstatements="16" conditionals="4" coveredconditionals="3" methods="2" coveredmethods="2"/>
        <file name="app.js" path="C:\Users\Zetsu\Desktop\Codigos\seubarriga\src\app.js">
          <metrics statements="16" coveredstatements="16" conditionals="4" coveredconditionals="3" methods="2" coveredmethods="2"/>
          <line num="1" count="7" type="stmt"/>
          <line num="2" count="7" type="stmt"/>
          <line num="3" count="7" type="stmt"/>
          <line num="4" count="7" type="stmt"/>
          <line num="6" count="7" type="stmt"/>
          <line num="9" count="7" type="stmt"/>
          <line num="17" count="7" type="stmt"/>
          <line num="18" count="1" type="stmt"/>
          <line num="21" count="7" type="stmt"/>
          <line num="22" count="10" type="stmt"/>
          <line num="23" count="10" type="cond" truecount="2" falsecount="0"/>
          <line num="24" count="2" type="cond" truecount="1" falsecount="1"/>
          <line num="26" count="2" type="stmt"/>
          <line num="27" count="2" type="stmt"/>
          <line num="28" count="2" type="stmt"/>
          <line num="32" count="7" type="stmt"/>
        </file>
      </package>
      <package name="seubarriga.src.config">
        <metrics statements="31" coveredstatements="30" conditionals="2" coveredconditionals="2" methods="8" coveredmethods="6"/>
        <file name="middlewares.js" path="C:\Users\Zetsu\Desktop\Codigos\seubarriga\src\config\middlewares.js">
          <metrics statements="5" coveredstatements="5" conditionals="0" coveredconditionals="0" methods="1" coveredmethods="1"/>
          <line num="1" count="7" type="stmt"/>
          <line num="2" count="7" type="stmt"/>
          <line num="5" count="7" type="stmt"/>
          <line num="6" count="7" type="stmt"/>
          <line num="7" count="7" type="stmt"/>
        </file>
        <file name="passport.js" path="C:\Users\Zetsu\Desktop\Codigos\seubarriga\src\config\passport.js">
          <metrics statements="14" coveredstatements="13" conditionals="2" coveredconditionals="2" methods="5" coveredmethods="4"/>
          <line num="1" count="7" type="stmt"/>
          <line num="2" count="7" type="stmt"/>
          <line num="4" count="7" type="stmt"/>
          <line num="6" count="7" type="stmt"/>
          <line num="8" count="7" type="stmt"/>
          <line num="9" count="7" type="stmt"/>
          <line num="14" count="7" type="stmt"/>
          <line num="15" count="45" type="stmt"/>
          <line num="17" count="45" type="cond" truecount="2" falsecount="0"/>
          <line num="18" count="31" type="stmt"/>
          <line num="19" count="0" type="stmt"/>
          <line num="22" count="7" type="stmt"/>
          <line num="24" count="7" type="stmt"/>
          <line num="25" count="7" type="stmt"/>
        </file>
        <file name="router.js" path="C:\Users\Zetsu\Desktop\Codigos\seubarriga\src\config\router.js">
          <metrics statements="12" coveredstatements="12" conditionals="0" coveredconditionals="0" methods="2" coveredmethods="1"/>
          <line num="1" count="7" type="stmt"/>
          <line num="3" count="7" type="stmt"/>
          <line num="4" count="7" type="stmt"/>
          <line num="5" count="7" type="stmt"/>
          <line num="7" count="7" type="stmt"/>
          <line num="8" count="7" type="stmt"/>
          <line num="9" count="7" type="stmt"/>
          <line num="10" count="7" type="stmt"/>
          <line num="11" count="7" type="stmt"/>
          <line num="14" count="7" type="stmt"/>
          <line num="16" count="7" type="stmt"/>
          <line num="17" count="7" type="stmt"/>
        </file>
      </package>
      <package name="seubarriga.src.errors">
        <metrics statements="6" coveredstatements="6" conditionals="1" coveredconditionals="1" methods="2" coveredmethods="2"/>
        <file name="RecursoIndevidoError.js" path="C:\Users\Zetsu\Desktop\Codigos\seubarriga\src\errors\RecursoIndevidoError.js">
          <metrics statements="3" coveredstatements="3" conditionals="1" coveredconditionals="1" methods="1" coveredmethods="1"/>
          <line num="1" count="7" type="cond" truecount="1" falsecount="0"/>
          <line num="2" count="2" type="stmt"/>
          <line num="3" count="2" type="stmt"/>
        </file>
        <file name="ValidationError.js" path="C:\Users\Zetsu\Desktop\Codigos\seubarriga\src\errors\ValidationError.js">
          <metrics statements="3" coveredstatements="3" conditionals="0" coveredconditionals="0" methods="1" coveredmethods="1"/>
          <line num="1" count="14" type="stmt"/>
          <line num="2" count="8" type="stmt"/>
          <line num="3" count="8" type="stmt"/>
        </file>
      </package>
      <package name="seubarriga.src.routes">
        <metrics statements="139" coveredstatements="84" conditionals="10" coveredconditionals="6" methods="74" coveredmethods="23"/>
        <file name="accounts.js" path="C:\Users\Zetsu\Desktop\Codigos\seubarriga\src\routes\accounts.js">
          <metrics statements="30" coveredstatements="22" conditionals="2" coveredconditionals="2" methods="19" coveredmethods="11"/>
          <line num="1" count="7" type="stmt"/>
          <line num="3" count="7" type="stmt"/>
          <line num="6" count="7" type="stmt"/>
          <line num="7" count="7" type="stmt"/>
          <line num="9" count="7" type="stmt"/>
          <line num="10" count="4" type="stmt"/>
          <line num="12" count="4" type="cond" truecount="2" falsecount="0"/>
          <line num="13" count="2" type="stmt"/>
          <line num="15" count="2" type="stmt"/>
          <line num="18" count="7" type="stmt"/>
          <line num="19" count="3" type="stmt"/>
          <line num="21" count="1" type="stmt"/>
          <line num="22" count="2" type="stmt"/>
          <line num="25" count="7" type="stmt"/>
          <line num="26" count="0" type="stmt"/>
          <line num="27" count="0" type="stmt"/>
          <line num="28" count="0" type="stmt"/>
          <line num="31" count="7" type="stmt"/>
          <line num="32" count="1" type="stmt"/>
          <line num="33" count="1" type="stmt"/>
          <line num="34" count="0" type="stmt"/>
          <line num="37" count="7" type="stmt"/>
          <line num="38" count="1" type="stmt"/>
          <line num="39" count="1" type="stmt"/>
          <line num="40" count="0" type="stmt"/>
          <line num="43" count="7" type="stmt"/>
          <line num="44" count="0" type="stmt"/>
          <line num="45" count="0" type="stmt"/>
          <line num="46" count="0" type="stmt"/>
          <line num="51" count="7" type="stmt"/>
        </file>
        <file name="auth.js" path="C:\Users\Zetsu\Desktop\Codigos\seubarriga\src\routes\auth.js">
          <metrics statements="22" coveredstatements="21" conditionals="4" coveredconditionals="4" methods="5" coveredmethods="5"/>
          <line num="1" count="7" type="stmt"/>
          <line num="2" count="7" type="stmt"/>
          <line num="3" count="7" type="stmt"/>
          <line num="4" count="7" type="stmt"/>
          <line num="6" count="7" type="stmt"/>
          <line num="9" count="7" type="stmt"/>
          <line num="10" count="7" type="stmt"/>
          <line num="12" count="7" type="stmt"/>
          <line num="13" count="3" type="stmt"/>
          <line num="15" count="3" type="cond" truecount="2" falsecount="0"/>
          <line num="16" count="2" type="cond" truecount="2" falsecount="0"/>
          <line num="17" count="1" type="stmt"/>
          <line num="22" count="1" type="stmt"/>
          <line num="23" count="1" type="stmt"/>
          <line num="24" count="1" type="stmt"/>
          <line num="26" count="2" type="stmt"/>
          <line num="29" count="7" type="stmt"/>
          <line num="30" count="1" type="stmt"/>
          <line num="31" count="1" type="stmt"/>
          <line num="32" count="1" type="stmt"/>
          <line num="34" count="0" type="stmt"/>
          <line num="39" count="7" type="stmt"/>
        </file>
        <file name="balance.js" path="C:\Users\Zetsu\Desktop\Codigos\seubarriga\src\routes\balance.js">
          <metrics statements="9" coveredstatements="6" conditionals="0" coveredconditionals="0" methods="4" coveredmethods="1"/>
          <line num="1" count="7" type="stmt"/>
          <line num="2" count="7" type="stmt"/>
          <line num="4" count="7" type="stmt"/>
          <line num="5" count="7" type="stmt"/>
          <line num="7" count="7" type="stmt"/>
          <line num="8" count="0" type="stmt"/>
          <line num="9" count="0" type="stmt"/>
          <line num="10" count="0" type="stmt"/>
          <line num="13" count="7" type="stmt"/>
        </file>
        <file name="transactions.js" path="C:\Users\Zetsu\Desktop\Codigos\seubarriga\src\routes\transactions.js">
          <metrics statements="30" coveredstatements="11" conditionals="2" coveredconditionals="0" methods="19" coveredmethods="1"/>
          <line num="1" count="7" type="stmt"/>
          <line num="2" count="7" type="stmt"/>
          <line num="4" count="7" type="stmt"/>
          <line num="5" count="7" type="stmt"/>
          <line num="7" count="7" type="stmt"/>
          <line num="8" count="0" type="stmt"/>
          <line num="10" count="0" type="cond" truecount="0" falsecount="2"/>
          <line num="11" count="0" type="stmt"/>
          <line num="12" count="0" type="stmt"/>
          <line num="15" count="7" type="stmt"/>
          <line num="16" count="0" type="stmt"/>
          <line num="17" count="0" type="stmt"/>
          <line num="18" count="0" type="stmt"/>
          <line num="21" count="7" type="stmt"/>
          <line num="22" count="0" type="stmt"/>
          <line num="23" count="0" type="stmt"/>
          <line num="24" count="0" type="stmt"/>
          <line num="27" count="7" type="stmt"/>
          <line num="28" count="0" type="stmt"/>
          <line num="29" count="0" type="stmt"/>
          <line num="30" count="0" type="stmt"/>
          <line num="33" count="7" type="stmt"/>
          <line num="34" count="0" type="stmt"/>
          <line num="35" count="0" type="stmt"/>
          <line num="36" count="0" type="stmt"/>
          <line num="39" count="7" type="stmt"/>
          <line num="40" count="0" type="stmt"/>
          <line num="41" count="0" type="stmt"/>
          <line num="42" count="0" type="stmt"/>
          <line num="46" count="7" type="stmt"/>
        </file>
        <file name="transfers.js" path="C:\Users\Zetsu\Desktop\Codigos\seubarriga\src\routes\transfers.js">
          <metrics statements="35" coveredstatements="12" conditionals="2" coveredconditionals="0" methods="22" coveredmethods="1"/>
          <line num="1" count="7" type="stmt"/>
          <line num="2" count="7" type="stmt"/>
          <line num="4" count="7" type="stmt"/>
          <line num="5" count="7" type="stmt"/>
          <line num="7" count="7" type="stmt"/>
          <line num="8" count="0" type="stmt"/>
          <line num="10" count="0" type="cond" truecount="0" falsecount="2"/>
          <line num="11" count="0" type="stmt"/>
          <line num="12" count="0" type="stmt"/>
          <line num="15" count="7" type="stmt"/>
          <line num="16" count="0" type="stmt"/>
          <line num="17" count="0" type="stmt"/>
          <line num="18" count="0" type="stmt"/>
          <line num="21" count="7" type="stmt"/>
          <line num="22" count="0" type="stmt"/>
          <line num="23" count="0" type="stmt"/>
          <line num="24" count="0" type="stmt"/>
          <line num="27" count="7" type="stmt"/>
          <line num="28" count="0" type="stmt"/>
          <line num="29" count="0" type="stmt"/>
          <line num="30" count="0" type="stmt"/>
          <line num="31" count="0" type="stmt"/>
          <line num="34" count="7" type="stmt"/>
          <line num="35" count="0" type="stmt"/>
          <line num="36" count="0" type="stmt"/>
          <line num="37" count="0" type="stmt"/>
          <line num="40" count="7" type="stmt"/>
          <line num="41" count="0" type="stmt"/>
          <line num="42" count="0" type="stmt"/>
          <line num="43" count="0" type="stmt"/>
          <line num="46" count="7" type="stmt"/>
          <line num="47" count="0" type="stmt"/>
          <line num="48" count="0" type="stmt"/>
          <line num="49" count="0" type="stmt"/>
          <line num="52" count="7" type="stmt"/>
        </file>
        <file name="users.js" path="C:\Users\Zetsu\Desktop\Codigos\seubarriga\src\routes\users.js">
          <metrics statements="13" coveredstatements="12" conditionals="0" coveredconditionals="0" methods="5" coveredmethods="4"/>
          <line num="1" count="7" type="stmt"/>
          <line num="4" count="7" type="stmt"/>
          <line num="5" count="7" type="stmt"/>
          <line num="7" count="7" type="stmt"/>
          <line num="9" count="1" type="stmt"/>
          <line num="10" count="1" type="stmt"/>
          <line num="11" count="0" type="stmt"/>
          <line num="14" count="7" type="stmt"/>
          <line num="15" count="6" type="stmt"/>
          <line num="16" count="6" type="stmt"/>
          <line num="17" count="2" type="stmt"/>
          <line num="19" count="4" type="stmt"/>
          <line num="24" count="7" type="stmt"/>
        </file>
      </package>
      <package name="seubarriga.src.seeds">
        <metrics statements="15" coveredstatements="5" conditionals="0" coveredconditionals="0" methods="12" coveredmethods="2"/>
        <file name="01_transfer.js" path="C:\Users\Zetsu\Desktop\Codigos\seubarriga\src\seeds\01_transfer.js">
          <metrics statements="9" coveredstatements="3" conditionals="0" coveredconditionals="0" methods="8" coveredmethods="2"/>
          <line num="2" count="2" type="stmt"/>
          <line num="3" count="2" type="stmt"/>
          <line num="4" count="2" type="stmt"/>
          <line num="5" count="0" type="stmt"/>
          <line num="6" count="0" type="stmt"/>
          <line num="7" count="0" type="stmt"/>
          <line num="10" count="0" type="stmt"/>
          <line num="15" count="0" type="stmt"/>
          <line num="18" count="0" type="stmt"/>
        </file>
        <file name="02_balance.js" path="C:\Users\Zetsu\Desktop\Codigos\seubarriga\src\seeds\02_balance.js">
          <metrics statements="6" coveredstatements="2" conditionals="0" coveredconditionals="0" methods="4" coveredmethods="0"/>
          <line num="1" count="2" type="stmt"/>
          <line num="3" count="2" type="stmt"/>
          <line num="4" count="0" type="stmt"/>
          <line num="9" count="0" type="stmt"/>
          <line num="17" count="0" type="stmt"/>
          <line num="21" count="0" type="stmt"/>
        </file>
      </package>
      <package name="seubarriga.src.services">
        <metrics statements="98" coveredstatements="56" conditionals="53" coveredconditionals="12" methods="27" coveredmethods="12"/>
        <file name="account.js" path="C:\Users\Zetsu\Desktop\Codigos\seubarriga\src\services\account.js">
          <metrics statements="18" coveredstatements="14" conditionals="7" coveredconditionals="4" methods="6" coveredmethods="4"/>
          <line num="1" count="7" type="stmt"/>
          <line num="4" count="7" type="stmt"/>
          <line num="5" count="7" type="stmt"/>
          <line num="6" count="0" type="stmt"/>
          <line num="9" count="7" type="stmt"/>
          <line num="10" count="3" type="cond" truecount="2" falsecount="0"/>
          <line num="12" count="2" type="stmt"/>
          <line num="13" count="2" type="cond" truecount="2" falsecount="0"/>
          <line num="15" count="1" type="stmt"/>
          <line num="18" count="7" type="cond" truecount="0" falsecount="1"/>
          <line num="19" count="7" type="stmt"/>
          <line num="22" count="7" type="stmt"/>
          <line num="23" count="1" type="stmt"/>
          <line num="28" count="7" type="stmt"/>
          <line num="30" count="0" type="stmt"/>
          <line num="31" count="0" type="cond" truecount="0" falsecount="2"/>
          <line num="33" count="0" type="stmt"/>
          <line num="38" count="7" type="stmt"/>
        </file>
        <file name="balance.js" path="C:\Users\Zetsu\Desktop\Codigos\seubarriga\src\services\balance.js">
          <metrics statements="4" coveredstatements="3" conditionals="0" coveredconditionals="0" methods="2" coveredmethods="1"/>
          <line num="1" count="7" type="stmt"/>
          <line num="2" count="7" type="stmt"/>
          <line num="3" count="0" type="stmt"/>
          <line num="13" count="7" type="stmt"/>
        </file>
        <file name="transaction.js" path="C:\Users\Zetsu\Desktop\Codigos\seubarriga\src\services\transaction.js">
          <metrics statements="22" coveredstatements="8" conditionals="21" coveredconditionals="0" methods="6" coveredmethods="1"/>
          <line num="1" count="7" type="stmt"/>
          <line num="3" count="7" type="stmt"/>
          <line num="4" count="7" type="cond" truecount="0" falsecount="1"/>
          <line num="5" count="0" type="stmt"/>
          <line num="12" count="7" type="stmt"/>
          <line num="13" count="0" type="stmt"/>
          <line num="18" count="7" type="stmt"/>
          <line num="19" count="0" type="cond" truecount="0" falsecount="2"/>
          <line num="20" count="0" type="cond" truecount="0" falsecount="2"/>
          <line num="21" count="0" type="cond" truecount="0" falsecount="2"/>
          <line num="22" count="0" type="cond" truecount="0" falsecount="2"/>
          <line num="23" count="0" type="cond" truecount="0" falsecount="2"/>
          <line num="24" count="0" type="cond" truecount="0" falsecount="4"/>
          <line num="26" count="0" type="stmt"/>
          <line num="27" count="0" type="cond" truecount="0" falsecount="6"/>
          <line num="29" count="0" type="stmt"/>
          <line num="32" count="0" type="stmt"/>
          <line num="35" count="7" type="stmt"/>
          <line num="36" count="0" type="stmt"/>
          <line num="41" count="7" type="stmt"/>
          <line num="42" count="0" type="stmt"/>
          <line num="47" count="7" type="stmt"/>
        </file>
        <file name="transfer.js" path="C:\Users\Zetsu\Desktop\Codigos\seubarriga\src\services\transfer.js">
          <metrics statements="32" coveredstatements="9" conditionals="16" coveredconditionals="0" methods="8" coveredmethods="1"/>
          <line num="1" count="7" type="stmt"/>
          <line num="3" count="7" type="stmt"/>
          <line num="4" count="7" type="cond" truecount="0" falsecount="1"/>
          <line num="5" count="0" type="stmt"/>
          <line num="10" count="7" type="cond" truecount="0" falsecount="1"/>
          <line num="11" count="0" type="stmt"/>
          <line num="16" count="7" type="stmt"/>
          <line num="17" count="0" type="cond" truecount="0" falsecount="2"/>
          <line num="18" count="0" type="cond" truecount="0" falsecount="2"/>
          <line num="19" count="0" type="cond" truecount="0" falsecount="2"/>
          <line num="20" count="0" type="cond" truecount="0" falsecount="2"/>
          <line num="21" count="0" type="cond" truecount="0" falsecount="2"/>
          <line num="22" count="0" type="cond" truecount="0" falsecount="2"/>
          <line num="24" count="0" type="stmt"/>
          <line num="25" count="0" type="stmt"/>
          <line num="26" count="0" type="cond" truecount="0" falsecount="2"/>
          <line num="30" count="7" type="stmt"/>
          <line num="32" count="0" type="stmt"/>
          <line num="33" count="0" type="stmt"/>
          <line num="35" count="0" type="stmt"/>
          <line num="40" count="0" type="stmt"/>
          <line num="41" count="0" type="stmt"/>
          <line num="44" count="7" type="stmt"/>
          <line num="46" count="0" type="stmt"/>
          <line num="49" count="0" type="stmt"/>
          <line num="53" count="0" type="stmt"/>
          <line num="54" count="0" type="stmt"/>
          <line num="57" count="0" type="stmt"/>
          <line num="60" count="7" type="stmt"/>
          <line num="61" count="0" type="stmt"/>
          <line num="62" count="0" type="stmt"/>
          <line num="66" count="7" type="stmt"/>
        </file>
        <file name="user.js" path="C:\Users\Zetsu\Desktop\Codigos\seubarriga\src\services\user.js">
          <metrics statements="22" coveredstatements="22" conditionals="9" coveredconditionals="8" methods="5" coveredmethods="5"/>
          <line num="1" count="7" type="stmt"/>
          <line num="2" count="7" type="stmt"/>
          <line num="3" count="7" type="stmt"/>
          <line num="5" count="7" type="stmt"/>
          <line num="6" count="7" type="stmt"/>
          <line num="7" count="1" type="stmt"/>
          <line num="10" count="7" type="cond" truecount="0" falsecount="1"/>
          <line num="11" count="76" type="stmt"/>
          <line num="14" count="7" type="stmt"/>
          <line num="15" count="26" type="stmt"/>
          <line num="16" count="26" type="stmt"/>
          <line num="19" count="7" type="stmt"/>
          <line num="20" count="30" type="cond" truecount="2" falsecount="0"/>
          <line num="21" count="29" type="cond" truecount="2" falsecount="0"/>
          <line num="22" count="28" type="cond" truecount="2" falsecount="0"/>
          <line num="24" count="27" type="stmt"/>
          <line num="25" count="27" type="cond" truecount="2" falsecount="0"/>
          <line num="26" count="1" type="stmt"/>
          <line num="29" count="26" type="stmt"/>
          <line num="30" count="26" type="stmt"/>
          <line num="31" count="26" type="stmt"/>
          <line num="34" count="7" type="stmt"/>
        </file>
      </package>
    </metrics>
  </project>
</coverage>
