{"C:\\Users\\Zetsu\\Desktop\\Codigos\\seubarriga\\knexfile.js": {"path":"C:\\Users\\Zetsu\\Desktop\\Codigos\\seubarriga\\knexfile.js","statementMap":{"0":{"start":{"line":1,"column":0},"end":{"line":14,"column":2}}},"fnMap":{},"branchMap":{},"s":{"0":7},"f":{},"b":{},"_coverageSchema":"332fd63041d2c1bcb487cc26dd0d5f7d97098a6c","hash":"18acb669b6b4aa56ebc710516570cacaedcb3956"}
,"C:\\Users\\Zetsu\\Desktop\\Codigos\\seubarriga\\src\\app.js": {"path":"C:\\Users\\Zetsu\\Desktop\\Codigos\\seubarriga\\src\\app.js","statementMap":{"0":{"start":{"line":1,"column":12},"end":{"line":1,"column":32}},"1":{"start":{"line":2,"column":16},"end":{"line":2,"column":34}},"2":{"start":{"line":3,"column":13},"end":{"line":3,"column":28}},"3":{"start":{"line":4,"column":17},"end":{"line":4,"column":39}},"4":{"start":{"line":6,"column":0},"end":{"line":6,"column":29}},"5":{"start":{"line":9,"column":0},"end":{"line":15,"column":10}},"6":{"start":{"line":17,"column":0},"end":{"line":19,"column":3}},"7":{"start":{"line":18,"column":4},"end":{"line":18,"column":27}},"8":{"start":{"line":21,"column":0},"end":{"line":30,"column":2}},"9":{"start":{"line":22,"column":35},"end":{"line":22,"column":38}},"10":{"start":{"line":23,"column":4},"end":{"line":29,"column":5}},"11":{"start":{"line":23,"column":36},"end":{"line":23,"column":74}},"12":{"start":{"line":24,"column":9},"end":{"line":29,"column":5}},"13":{"start":{"line":24,"column":46},"end":{"line":24,"column":84}},"14":{"start":{"line":26,"column":8},"end":{"line":26,"column":29}},"15":{"start":{"line":27,"column":8},"end":{"line":27,"column":52}},"16":{"start":{"line":28,"column":8},"end":{"line":28,"column":18}},"17":{"start":{"line":32,"column":0},"end":{"line":32,"column":21}}},"fnMap":{"0":{"name":"(anonymous_0)","decl":{"start":{"line":17,"column":13},"end":{"line":17,"column":14}},"loc":{"start":{"line":17,"column":27},"end":{"line":19,"column":1}},"line":17},"1":{"name":"(anonymous_1)","decl":{"start":{"line":21,"column":8},"end":{"line":21,"column":9}},"loc":{"start":{"line":21,"column":33},"end":{"line":30,"column":1}},"line":21}},"branchMap":{"0":{"loc":{"start":{"line":23,"column":4},"end":{"line":29,"column":5}},"type":"if","locations":[{"start":{"line":23,"column":4},"end":{"line":29,"column":5}},{"start":{"line":23,"column":4},"end":{"line":29,"column":5}}],"line":23},"1":{"loc":{"start":{"line":24,"column":9},"end":{"line":29,"column":5}},"type":"if","locations":[{"start":{"line":24,"column":9},"end":{"line":29,"column":5}},{"start":{"line":24,"column":9},"end":{"line":29,"column":5}}],"line":24}},"s":{"0":7,"1":7,"2":7,"3":7,"4":7,"5":7,"6":7,"7":1,"8":7,"9":10,"10":10,"11":8,"12":2,"13":0,"14":2,"15":2,"16":2,"17":7},"f":{"0":1,"1":10},"b":{"0":[8,2],"1":[0,2]},"_coverageSchema":"332fd63041d2c1bcb487cc26dd0d5f7d97098a6c","hash":"97e1b38476067f087b08ed674830fc96e5b0a78e"}
,"C:\\Users\\Zetsu\\Desktop\\Codigos\\seubarriga\\src\\config\\middlewares.js": {"path":"C:\\Users\\Zetsu\\Desktop\\Codigos\\seubarriga\\src\\config\\middlewares.js","statementMap":{"0":{"start":{"line":1,"column":19},"end":{"line":1,"column":41}},"1":{"start":{"line":2,"column":19},"end":{"line":2,"column":41}},"2":{"start":{"line":5,"column":0},"end":{"line":8,"column":1}},"3":{"start":{"line":6,"column":4},"end":{"line":6,"column":30}},"4":{"start":{"line":7,"column":4},"end":{"line":7,"column":32}}},"fnMap":{"0":{"name":"(anonymous_0)","decl":{"start":{"line":5,"column":17},"end":{"line":5,"column":18}},"loc":{"start":{"line":5,"column":26},"end":{"line":8,"column":1}},"line":5}},"branchMap":{},"s":{"0":7,"1":7,"2":7,"3":7,"4":7},"f":{"0":7},"b":{},"_coverageSchema":"332fd63041d2c1bcb487cc26dd0d5f7d97098a6c","hash":"02831633383f031ae2b3050ec765def3b15511e4"}
,"C:\\Users\\Zetsu\\Desktop\\Codigos\\seubarriga\\src\\config\\passport.js": {"path":"C:\\Users\\Zetsu\\Desktop\\Codigos\\seubarriga\\src\\config\\passport.js","statementMap":{"0":{"start":{"line":1,"column":17},"end":{"line":1,"column":36}},"1":{"start":{"line":2,"column":20},"end":{"line":2,"column":43}},"2":{"start":{"line":4,"column":15},"end":{"line":4,"column":25}},"3":{"start":{"line":6,"column":33},"end":{"line":6,"column":44}},"4":{"start":{"line":8,"column":0},"end":{"line":27,"column":1}},"5":{"start":{"line":9,"column":19},"end":{"line":12,"column":5}},"6":{"start":{"line":14,"column":21},"end":{"line":20,"column":6}},"7":{"start":{"line":15,"column":8},"end":{"line":19,"column":45}},"8":{"start":{"line":17,"column":16},"end":{"line":18,"column":38}},"9":{"start":{"line":17,"column":26},"end":{"line":17,"column":53}},"10":{"start":{"line":18,"column":21},"end":{"line":18,"column":38}},"11":{"start":{"line":19,"column":28},"end":{"line":19,"column":44}},"12":{"start":{"line":22,"column":4},"end":{"line":22,"column":26}},"13":{"start":{"line":24,"column":4},"end":{"line":26,"column":5}},"14":{"start":{"line":25,"column":28},"end":{"line":25,"column":74}}},"fnMap":{"0":{"name":"(anonymous_0)","decl":{"start":{"line":8,"column":17},"end":{"line":8,"column":18}},"loc":{"start":{"line":8,"column":26},"end":{"line":27,"column":1}},"line":8},"1":{"name":"(anonymous_1)","decl":{"start":{"line":14,"column":42},"end":{"line":14,"column":43}},"loc":{"start":{"line":14,"column":61},"end":{"line":20,"column":5}},"line":14},"2":{"name":"(anonymous_2)","decl":{"start":{"line":16,"column":18},"end":{"line":16,"column":19}},"loc":{"start":{"line":16,"column":28},"end":{"line":19,"column":13}},"line":16},"3":{"name":"(anonymous_3)","decl":{"start":{"line":19,"column":21},"end":{"line":19,"column":22}},"loc":{"start":{"line":19,"column":28},"end":{"line":19,"column":44}},"line":19},"4":{"name":"(anonymous_4)","decl":{"start":{"line":25,"column":22},"end":{"line":25,"column":23}},"loc":{"start":{"line":25,"column":28},"end":{"line":25,"column":74}},"line":25}},"branchMap":{"0":{"loc":{"start":{"line":17,"column":16},"end":{"line":18,"column":38}},"type":"if","locations":[{"start":{"line":17,"column":16},"end":{"line":18,"column":38}},{"start":{"line":17,"column":16},"end":{"line":18,"column":38}}],"line":17}},"s":{"0":7,"1":7,"2":7,"3":7,"4":7,"5":7,"6":7,"7":45,"8":45,"9":14,"10":31,"11":0,"12":7,"13":7,"14":7},"f":{"0":7,"1":45,"2":45,"3":0,"4":7},"b":{"0":[14,31]},"_coverageSchema":"332fd63041d2c1bcb487cc26dd0d5f7d97098a6c","hash":"135104aadef732184db2fbeb846f786c09473618"}
,"C:\\Users\\Zetsu\\Desktop\\Codigos\\seubarriga\\src\\config\\router.js": {"path":"C:\\Users\\Zetsu\\Desktop\\Codigos\\seubarriga\\src\\config\\router.js","statementMap":{"0":{"start":{"line":1,"column":16},"end":{"line":1,"column":34}},"1":{"start":{"line":3,"column":0},"end":{"line":19,"column":1}},"2":{"start":{"line":4,"column":4},"end":{"line":4,"column":37}},"3":{"start":{"line":5,"column":28},"end":{"line":5,"column":44}},"4":{"start":{"line":7,"column":4},"end":{"line":7,"column":51}},"5":{"start":{"line":8,"column":4},"end":{"line":8,"column":57}},"6":{"start":{"line":9,"column":4},"end":{"line":9,"column":65}},"7":{"start":{"line":10,"column":4},"end":{"line":10,"column":59}},"8":{"start":{"line":11,"column":4},"end":{"line":11,"column":55}},"9":{"start":{"line":14,"column":4},"end":{"line":14,"column":71}},"10":{"start":{"line":16,"column":4},"end":{"line":16,"column":72}},"11":{"start":{"line":16,"column":39},"end":{"line":16,"column":71}},"12":{"start":{"line":17,"column":4},"end":{"line":17,"column":35}}},"fnMap":{"0":{"name":"(anonymous_0)","decl":{"start":{"line":3,"column":17},"end":{"line":3,"column":18}},"loc":{"start":{"line":3,"column":26},"end":{"line":19,"column":1}},"line":3},"1":{"name":"(anonymous_1)","decl":{"start":{"line":16,"column":25},"end":{"line":16,"column":26}},"loc":{"start":{"line":16,"column":39},"end":{"line":16,"column":71}},"line":16}},"branchMap":{},"s":{"0":7,"1":7,"2":7,"3":7,"4":7,"5":7,"6":7,"7":7,"8":7,"9":7,"10":7,"11":0,"12":7},"f":{"0":7,"1":0},"b":{},"_coverageSchema":"332fd63041d2c1bcb487cc26dd0d5f7d97098a6c","hash":"8f5874f5c93ce6f47c7a96ffa86a73f181eba5ff"}
,"C:\\Users\\Zetsu\\Desktop\\Codigos\\seubarriga\\src\\errors\\RecursoIndevidoError.js": {"path":"C:\\Users\\Zetsu\\Desktop\\Codigos\\seubarriga\\src\\errors\\RecursoIndevidoError.js","statementMap":{"0":{"start":{"line":1,"column":0},"end":{"line":4,"column":1}},"1":{"start":{"line":2,"column":4},"end":{"line":2,"column":38}},"2":{"start":{"line":3,"column":4},"end":{"line":3,"column":26}}},"fnMap":{"0":{"name":"RecursoIndevidoError","decl":{"start":{"line":1,"column":26},"end":{"line":1,"column":46}},"loc":{"start":{"line":1,"column":97},"end":{"line":4,"column":1}},"line":1}},"branchMap":{"0":{"loc":{"start":{"line":1,"column":47},"end":{"line":1,"column":95}},"type":"default-arg","locations":[{"start":{"line":1,"column":57},"end":{"line":1,"column":95}}],"line":1}},"s":{"0":7,"1":2,"2":2},"f":{"0":2},"b":{"0":[2]},"_coverageSchema":"332fd63041d2c1bcb487cc26dd0d5f7d97098a6c","hash":"4a412342bdb98e912a8c8767a5fded1b66c5f2c2"}
,"C:\\Users\\Zetsu\\Desktop\\Codigos\\seubarriga\\src\\errors\\ValidationError.js": {"path":"C:\\Users\\Zetsu\\Desktop\\Codigos\\seubarriga\\src\\errors\\ValidationError.js","statementMap":{"0":{"start":{"line":1,"column":0},"end":{"line":4,"column":1}},"1":{"start":{"line":2,"column":4},"end":{"line":2,"column":33}},"2":{"start":{"line":3,"column":4},"end":{"line":3,"column":26}}},"fnMap":{"0":{"name":"ValidationError","decl":{"start":{"line":1,"column":26},"end":{"line":1,"column":41}},"loc":{"start":{"line":1,"column":51},"end":{"line":4,"column":1}},"line":1}},"branchMap":{},"s":{"0":14,"1":8,"2":8},"f":{"0":8},"b":{},"_coverageSchema":"332fd63041d2c1bcb487cc26dd0d5f7d97098a6c","hash":"4a44880ff46487b361b25078dbe804086b644f09"}
,"C:\\Users\\Zetsu\\Desktop\\Codigos\\seubarriga\\src\\routes\\accounts.js": {"path":"C:\\Users\\Zetsu\\Desktop\\Codigos\\seubarriga\\src\\routes\\accounts.js","statementMap":{"0":{"start":{"line":1,"column":16},"end":{"line":1,"column":34}},"1":{"start":{"line":3,"column":29},"end":{"line":3,"column":70}},"2":{"start":{"line":6,"column":0},"end":{"line":52,"column":1}},"3":{"start":{"line":7,"column":19},"end":{"line":7,"column":35}},"4":{"start":{"line":9,"column":4},"end":{"line":16,"column":6}},"5":{"start":{"line":10,"column":8},"end":{"line":15,"column":37}},"6":{"start":{"line":12,"column":16},"end":{"line":13,"column":27}},"7":{"start":{"line":12,"column":49},"end":{"line":12,"column":81}},"8":{"start":{"line":13,"column":21},"end":{"line":13,"column":27}},"9":{"start":{"line":15,"column":26},"end":{"line":15,"column":35}},"10":{"start":{"line":18,"column":4},"end":{"line":23,"column":7}},"11":{"start":{"line":19,"column":8},"end":{"line":22,"column":39}},"12":{"start":{"line":21,"column":16},"end":{"line":21,"column":55}},"13":{"start":{"line":22,"column":28},"end":{"line":22,"column":37}},"14":{"start":{"line":25,"column":4},"end":{"line":29,"column":7}},"15":{"start":{"line":26,"column":24},"end":{"line":28,"column":37}},"16":{"start":{"line":27,"column":28},"end":{"line":27,"column":56}},"17":{"start":{"line":28,"column":26},"end":{"line":28,"column":35}},"18":{"start":{"line":31,"column":4},"end":{"line":35,"column":6}},"19":{"start":{"line":32,"column":8},"end":{"line":34,"column":37}},"20":{"start":{"line":33,"column":28},"end":{"line":33,"column":56}},"21":{"start":{"line":34,"column":26},"end":{"line":34,"column":35}},"22":{"start":{"line":37,"column":4},"end":{"line":41,"column":6}},"23":{"start":{"line":38,"column":8},"end":{"line":40,"column":37}},"24":{"start":{"line":39,"column":28},"end":{"line":39,"column":59}},"25":{"start":{"line":40,"column":26},"end":{"line":40,"column":35}},"26":{"start":{"line":43,"column":4},"end":{"line":47,"column":6}},"27":{"start":{"line":44,"column":8},"end":{"line":46,"column":37}},"28":{"start":{"line":45,"column":24},"end":{"line":45,"column":46}},"29":{"start":{"line":46,"column":26},"end":{"line":46,"column":35}},"30":{"start":{"line":51,"column":4},"end":{"line":51,"column":17}}},"fnMap":{"0":{"name":"(anonymous_0)","decl":{"start":{"line":6,"column":17},"end":{"line":6,"column":18}},"loc":{"start":{"line":6,"column":26},"end":{"line":52,"column":1}},"line":6},"1":{"name":"(anonymous_1)","decl":{"start":{"line":9,"column":23},"end":{"line":9,"column":24}},"loc":{"start":{"line":9,"column":43},"end":{"line":16,"column":5}},"line":9},"2":{"name":"(anonymous_2)","decl":{"start":{"line":11,"column":18},"end":{"line":11,"column":19}},"loc":{"start":{"line":11,"column":27},"end":{"line":14,"column":13}},"line":11},"3":{"name":"(anonymous_3)","decl":{"start":{"line":15,"column":19},"end":{"line":15,"column":20}},"loc":{"start":{"line":15,"column":26},"end":{"line":15,"column":35}},"line":15},"4":{"name":"(anonymous_4)","decl":{"start":{"line":18,"column":21},"end":{"line":18,"column":22}},"loc":{"start":{"line":18,"column":41},"end":{"line":23,"column":5}},"line":18},"5":{"name":"(anonymous_5)","decl":{"start":{"line":20,"column":18},"end":{"line":20,"column":19}},"loc":{"start":{"line":20,"column":30},"end":{"line":22,"column":13}},"line":20},"6":{"name":"(anonymous_6)","decl":{"start":{"line":22,"column":21},"end":{"line":22,"column":22}},"loc":{"start":{"line":22,"column":28},"end":{"line":22,"column":37}},"line":22},"7":{"name":"(anonymous_7)","decl":{"start":{"line":25,"column":21},"end":{"line":25,"column":22}},"loc":{"start":{"line":25,"column":41},"end":{"line":29,"column":5}},"line":25},"8":{"name":"(anonymous_8)","decl":{"start":{"line":27,"column":18},"end":{"line":27,"column":19}},"loc":{"start":{"line":27,"column":28},"end":{"line":27,"column":56}},"line":27},"9":{"name":"(anonymous_9)","decl":{"start":{"line":28,"column":19},"end":{"line":28,"column":20}},"loc":{"start":{"line":28,"column":26},"end":{"line":28,"column":35}},"line":28},"10":{"name":"(anonymous_10)","decl":{"start":{"line":31,"column":23},"end":{"line":31,"column":24}},"loc":{"start":{"line":31,"column":43},"end":{"line":35,"column":5}},"line":31},"11":{"name":"(anonymous_11)","decl":{"start":{"line":33,"column":18},"end":{"line":33,"column":19}},"loc":{"start":{"line":33,"column":28},"end":{"line":33,"column":56}},"line":33},"12":{"name":"(anonymous_12)","decl":{"start":{"line":34,"column":19},"end":{"line":34,"column":20}},"loc":{"start":{"line":34,"column":26},"end":{"line":34,"column":35}},"line":34},"13":{"name":"(anonymous_13)","decl":{"start":{"line":37,"column":23},"end":{"line":37,"column":24}},"loc":{"start":{"line":37,"column":43},"end":{"line":41,"column":5}},"line":37},"14":{"name":"(anonymous_14)","decl":{"start":{"line":39,"column":18},"end":{"line":39,"column":19}},"loc":{"start":{"line":39,"column":28},"end":{"line":39,"column":59}},"line":39},"15":{"name":"(anonymous_15)","decl":{"start":{"line":40,"column":19},"end":{"line":40,"column":20}},"loc":{"start":{"line":40,"column":26},"end":{"line":40,"column":35}},"line":40},"16":{"name":"(anonymous_16)","decl":{"start":{"line":43,"column":26},"end":{"line":43,"column":27}},"loc":{"start":{"line":43,"column":46},"end":{"line":47,"column":5}},"line":43},"17":{"name":"(anonymous_17)","decl":{"start":{"line":45,"column":18},"end":{"line":45,"column":19}},"loc":{"start":{"line":45,"column":24},"end":{"line":45,"column":46}},"line":45},"18":{"name":"(anonymous_18)","decl":{"start":{"line":46,"column":19},"end":{"line":46,"column":20}},"loc":{"start":{"line":46,"column":26},"end":{"line":46,"column":35}},"line":46}},"branchMap":{"0":{"loc":{"start":{"line":12,"column":16},"end":{"line":13,"column":27}},"type":"if","locations":[{"start":{"line":12,"column":16},"end":{"line":13,"column":27}},{"start":{"line":12,"column":16},"end":{"line":13,"column":27}}],"line":12}},"s":{"0":7,"1":7,"2":7,"3":7,"4":7,"5":4,"6":4,"7":2,"8":2,"9":2,"10":7,"11":3,"12":1,"13":2,"14":7,"15":0,"16":0,"17":0,"18":7,"19":1,"20":1,"21":0,"22":7,"23":1,"24":1,"25":0,"26":7,"27":0,"28":0,"29":0,"30":7},"f":{"0":7,"1":4,"2":4,"3":2,"4":3,"5":1,"6":2,"7":0,"8":0,"9":0,"10":1,"11":1,"12":0,"13":1,"14":1,"15":0,"16":0,"17":0,"18":0},"b":{"0":[2,2]},"_coverageSchema":"332fd63041d2c1bcb487cc26dd0d5f7d97098a6c","hash":"9db000a1bf0317dab2224e018ec6c56f3fc2e4c5"}
,"C:\\Users\\Zetsu\\Desktop\\Codigos\\seubarriga\\src\\routes\\auth.js": {"path":"C:\\Users\\Zetsu\\Desktop\\Codigos\\seubarriga\\src\\routes\\auth.js","statementMap":{"0":{"start":{"line":1,"column":16},"end":{"line":1,"column":34}},"1":{"start":{"line":2,"column":12},"end":{"line":2,"column":33}},"2":{"start":{"line":3,"column":15},"end":{"line":3,"column":39}},"3":{"start":{"line":4,"column":24},"end":{"line":4,"column":60}},"4":{"start":{"line":6,"column":15},"end":{"line":6,"column":25}},"5":{"start":{"line":9,"column":0},"end":{"line":40,"column":1}},"6":{"start":{"line":10,"column":19},"end":{"line":10,"column":35}},"7":{"start":{"line":12,"column":4},"end":{"line":27,"column":6}},"8":{"start":{"line":13,"column":8},"end":{"line":26,"column":38}},"9":{"start":{"line":15,"column":16},"end":{"line":15,"column":81}},"10":{"start":{"line":15,"column":27},"end":{"line":15,"column":81}},"11":{"start":{"line":16,"column":16},"end":{"line":24,"column":77}},"12":{"start":{"line":17,"column":36},"end":{"line":21,"column":21}},"13":{"start":{"line":22,"column":34},"end":{"line":22,"column":61}},"14":{"start":{"line":23,"column":20},"end":{"line":23,"column":49}},"15":{"start":{"line":24,"column":23},"end":{"line":24,"column":77}},"16":{"start":{"line":26,"column":28},"end":{"line":26,"column":37}},"17":{"start":{"line":29,"column":4},"end":{"line":37,"column":7}},"18":{"start":{"line":30,"column":8},"end":{"line":35,"column":9}},"19":{"start":{"line":31,"column":27},"end":{"line":31,"column":65}},"20":{"start":{"line":32,"column":12},"end":{"line":32,"column":44}},"21":{"start":{"line":34,"column":12},"end":{"line":34,"column":28}},"22":{"start":{"line":39,"column":4},"end":{"line":39,"column":17}}},"fnMap":{"0":{"name":"(anonymous_0)","decl":{"start":{"line":9,"column":17},"end":{"line":9,"column":18}},"loc":{"start":{"line":9,"column":26},"end":{"line":40,"column":1}},"line":9},"1":{"name":"(anonymous_1)","decl":{"start":{"line":12,"column":27},"end":{"line":12,"column":28}},"loc":{"start":{"line":12,"column":47},"end":{"line":27,"column":5}},"line":12},"2":{"name":"(anonymous_2)","decl":{"start":{"line":14,"column":18},"end":{"line":14,"column":19}},"loc":{"start":{"line":14,"column":28},"end":{"line":26,"column":13}},"line":14},"3":{"name":"(anonymous_3)","decl":{"start":{"line":26,"column":21},"end":{"line":26,"column":22}},"loc":{"start":{"line":26,"column":28},"end":{"line":26,"column":37}},"line":26},"4":{"name":"(anonymous_4)","decl":{"start":{"line":29,"column":27},"end":{"line":29,"column":28}},"loc":{"start":{"line":29,"column":53},"end":{"line":37,"column":5}},"line":29}},"branchMap":{"0":{"loc":{"start":{"line":15,"column":16},"end":{"line":15,"column":81}},"type":"if","locations":[{"start":{"line":15,"column":16},"end":{"line":15,"column":81}},{"start":{"line":15,"column":16},"end":{"line":15,"column":81}}],"line":15},"1":{"loc":{"start":{"line":16,"column":16},"end":{"line":24,"column":77}},"type":"if","locations":[{"start":{"line":16,"column":16},"end":{"line":24,"column":77}},{"start":{"line":16,"column":16},"end":{"line":24,"column":77}}],"line":16}},"s":{"0":7,"1":7,"2":7,"3":7,"4":7,"5":7,"6":7,"7":7,"8":3,"9":3,"10":1,"11":2,"12":1,"13":1,"14":1,"15":1,"16":2,"17":7,"18":1,"19":1,"20":1,"21":0,"22":7},"f":{"0":7,"1":3,"2":3,"3":2,"4":1},"b":{"0":[1,2],"1":[1,1]},"_coverageSchema":"332fd63041d2c1bcb487cc26dd0d5f7d97098a6c","hash":"45ec39eebf065dfe61b61f39ffe0a68856952453"}
,"C:\\Users\\Zetsu\\Desktop\\Codigos\\seubarriga\\src\\routes\\balance.js": {"path":"C:\\Users\\Zetsu\\Desktop\\Codigos\\seubarriga\\src\\routes\\balance.js","statementMap":{"0":{"start":{"line":1,"column":16},"end":{"line":1,"column":34}},"1":{"start":{"line":2,"column":29},"end":{"line":2,"column":70}},"2":{"start":{"line":4,"column":0},"end":{"line":14,"column":1}},"3":{"start":{"line":5,"column":19},"end":{"line":5,"column":35}},"4":{"start":{"line":7,"column":4},"end":{"line":11,"column":6}},"5":{"start":{"line":8,"column":8},"end":{"line":10,"column":36}},"6":{"start":{"line":9,"column":28},"end":{"line":9,"column":56}},"7":{"start":{"line":10,"column":26},"end":{"line":10,"column":35}},"8":{"start":{"line":13,"column":4},"end":{"line":13,"column":17}}},"fnMap":{"0":{"name":"(anonymous_0)","decl":{"start":{"line":4,"column":17},"end":{"line":4,"column":18}},"loc":{"start":{"line":4,"column":26},"end":{"line":14,"column":1}},"line":4},"1":{"name":"(anonymous_1)","decl":{"start":{"line":7,"column":20},"end":{"line":7,"column":21}},"loc":{"start":{"line":7,"column":40},"end":{"line":11,"column":5}},"line":7},"2":{"name":"(anonymous_2)","decl":{"start":{"line":9,"column":18},"end":{"line":9,"column":19}},"loc":{"start":{"line":9,"column":28},"end":{"line":9,"column":56}},"line":9},"3":{"name":"(anonymous_3)","decl":{"start":{"line":10,"column":19},"end":{"line":10,"column":20}},"loc":{"start":{"line":10,"column":26},"end":{"line":10,"column":35}},"line":10}},"branchMap":{},"s":{"0":7,"1":7,"2":7,"3":7,"4":7,"5":0,"6":0,"7":0,"8":7},"f":{"0":7,"1":0,"2":0,"3":0},"b":{},"_coverageSchema":"332fd63041d2c1bcb487cc26dd0d5f7d97098a6c","hash":"f782085dacb2767de0ed2ba13c9929f2806e16e3"}
,"C:\\Users\\Zetsu\\Desktop\\Codigos\\seubarriga\\src\\routes\\transactions.js": {"path":"C:\\Users\\Zetsu\\Desktop\\Codigos\\seubarriga\\src\\routes\\transactions.js","statementMap":{"0":{"start":{"line":1,"column":16},"end":{"line":1,"column":34}},"1":{"start":{"line":2,"column":29},"end":{"line":2,"column":70}},"2":{"start":{"line":4,"column":0},"end":{"line":47,"column":1}},"3":{"start":{"line":5,"column":19},"end":{"line":5,"column":35}},"4":{"start":{"line":7,"column":4},"end":{"line":13,"column":6}},"5":{"start":{"line":8,"column":8},"end":{"line":12,"column":30}},"6":{"start":{"line":10,"column":16},"end":{"line":11,"column":53}},"7":{"start":{"line":10,"column":39},"end":{"line":10,"column":45}},"8":{"start":{"line":11,"column":21},"end":{"line":11,"column":53}},"9":{"start":{"line":12,"column":20},"end":{"line":12,"column":29}},"10":{"start":{"line":15,"column":4},"end":{"line":19,"column":6}},"11":{"start":{"line":16,"column":8},"end":{"line":18,"column":36}},"12":{"start":{"line":17,"column":28},"end":{"line":17,"column":56}},"13":{"start":{"line":18,"column":26},"end":{"line":18,"column":35}},"14":{"start":{"line":21,"column":4},"end":{"line":25,"column":6}},"15":{"start":{"line":22,"column":8},"end":{"line":24,"column":36}},"16":{"start":{"line":23,"column":28},"end":{"line":23,"column":59}},"17":{"start":{"line":24,"column":26},"end":{"line":24,"column":35}},"18":{"start":{"line":27,"column":4},"end":{"line":31,"column":6}},"19":{"start":{"line":28,"column":8},"end":{"line":30,"column":36}},"20":{"start":{"line":29,"column":28},"end":{"line":29,"column":56}},"21":{"start":{"line":30,"column":26},"end":{"line":30,"column":35}},"22":{"start":{"line":33,"column":4},"end":{"line":37,"column":6}},"23":{"start":{"line":34,"column":8},"end":{"line":36,"column":36}},"24":{"start":{"line":35,"column":28},"end":{"line":35,"column":59}},"25":{"start":{"line":36,"column":26},"end":{"line":36,"column":35}},"26":{"start":{"line":39,"column":4},"end":{"line":43,"column":6}},"27":{"start":{"line":40,"column":8},"end":{"line":42,"column":36}},"28":{"start":{"line":41,"column":24},"end":{"line":41,"column":46}},"29":{"start":{"line":42,"column":26},"end":{"line":42,"column":35}},"30":{"start":{"line":46,"column":4},"end":{"line":46,"column":17}}},"fnMap":{"0":{"name":"(anonymous_0)","decl":{"start":{"line":4,"column":17},"end":{"line":4,"column":18}},"loc":{"start":{"line":4,"column":26},"end":{"line":47,"column":1}},"line":4},"1":{"name":"(anonymous_1)","decl":{"start":{"line":7,"column":23},"end":{"line":7,"column":24}},"loc":{"start":{"line":7,"column":43},"end":{"line":13,"column":5}},"line":7},"2":{"name":"(anonymous_2)","decl":{"start":{"line":9,"column":18},"end":{"line":9,"column":19}},"loc":{"start":{"line":9,"column":30},"end":{"line":12,"column":5}},"line":9},"3":{"name":"(anonymous_3)","decl":{"start":{"line":12,"column":13},"end":{"line":12,"column":14}},"loc":{"start":{"line":12,"column":20},"end":{"line":12,"column":29}},"line":12},"4":{"name":"(anonymous_4)","decl":{"start":{"line":15,"column":20},"end":{"line":15,"column":21}},"loc":{"start":{"line":15,"column":40},"end":{"line":19,"column":5}},"line":15},"5":{"name":"(anonymous_5)","decl":{"start":{"line":17,"column":18},"end":{"line":17,"column":19}},"loc":{"start":{"line":17,"column":28},"end":{"line":17,"column":56}},"line":17},"6":{"name":"(anonymous_6)","decl":{"start":{"line":18,"column":19},"end":{"line":18,"column":20}},"loc":{"start":{"line":18,"column":26},"end":{"line":18,"column":35}},"line":18},"7":{"name":"(anonymous_7)","decl":{"start":{"line":21,"column":21},"end":{"line":21,"column":22}},"loc":{"start":{"line":21,"column":41},"end":{"line":25,"column":5}},"line":21},"8":{"name":"(anonymous_8)","decl":{"start":{"line":23,"column":18},"end":{"line":23,"column":19}},"loc":{"start":{"line":23,"column":28},"end":{"line":23,"column":59}},"line":23},"9":{"name":"(anonymous_9)","decl":{"start":{"line":24,"column":19},"end":{"line":24,"column":20}},"loc":{"start":{"line":24,"column":26},"end":{"line":24,"column":35}},"line":24},"10":{"name":"(anonymous_10)","decl":{"start":{"line":27,"column":23},"end":{"line":27,"column":24}},"loc":{"start":{"line":27,"column":43},"end":{"line":31,"column":5}},"line":27},"11":{"name":"(anonymous_11)","decl":{"start":{"line":29,"column":18},"end":{"line":29,"column":19}},"loc":{"start":{"line":29,"column":28},"end":{"line":29,"column":56}},"line":29},"12":{"name":"(anonymous_12)","decl":{"start":{"line":30,"column":19},"end":{"line":30,"column":20}},"loc":{"start":{"line":30,"column":26},"end":{"line":30,"column":35}},"line":30},"13":{"name":"(anonymous_13)","decl":{"start":{"line":33,"column":23},"end":{"line":33,"column":24}},"loc":{"start":{"line":33,"column":43},"end":{"line":37,"column":5}},"line":33},"14":{"name":"(anonymous_14)","decl":{"start":{"line":35,"column":18},"end":{"line":35,"column":19}},"loc":{"start":{"line":35,"column":28},"end":{"line":35,"column":59}},"line":35},"15":{"name":"(anonymous_15)","decl":{"start":{"line":36,"column":19},"end":{"line":36,"column":20}},"loc":{"start":{"line":36,"column":26},"end":{"line":36,"column":35}},"line":36},"16":{"name":"(anonymous_16)","decl":{"start":{"line":39,"column":26},"end":{"line":39,"column":27}},"loc":{"start":{"line":39,"column":46},"end":{"line":43,"column":5}},"line":39},"17":{"name":"(anonymous_17)","decl":{"start":{"line":41,"column":18},"end":{"line":41,"column":19}},"loc":{"start":{"line":41,"column":24},"end":{"line":41,"column":46}},"line":41},"18":{"name":"(anonymous_18)","decl":{"start":{"line":42,"column":19},"end":{"line":42,"column":20}},"loc":{"start":{"line":42,"column":26},"end":{"line":42,"column":35}},"line":42}},"branchMap":{"0":{"loc":{"start":{"line":10,"column":16},"end":{"line":11,"column":53}},"type":"if","locations":[{"start":{"line":10,"column":16},"end":{"line":11,"column":53}},{"start":{"line":10,"column":16},"end":{"line":11,"column":53}}],"line":10}},"s":{"0":7,"1":7,"2":7,"3":7,"4":7,"5":0,"6":0,"7":0,"8":0,"9":0,"10":7,"11":0,"12":0,"13":0,"14":7,"15":0,"16":0,"17":0,"18":7,"19":0,"20":0,"21":0,"22":7,"23":0,"24":0,"25":0,"26":7,"27":0,"28":0,"29":0,"30":7},"f":{"0":7,"1":0,"2":0,"3":0,"4":0,"5":0,"6":0,"7":0,"8":0,"9":0,"10":0,"11":0,"12":0,"13":0,"14":0,"15":0,"16":0,"17":0,"18":0},"b":{"0":[0,0]},"_coverageSchema":"332fd63041d2c1bcb487cc26dd0d5f7d97098a6c","hash":"3750d96d91a4441b0ed98aed14606935268f0f69"}
,"C:\\Users\\Zetsu\\Desktop\\Codigos\\seubarriga\\src\\routes\\transfers.js": {"path":"C:\\Users\\Zetsu\\Desktop\\Codigos\\seubarriga\\src\\routes\\transfers.js","statementMap":{"0":{"start":{"line":1,"column":16},"end":{"line":1,"column":34}},"1":{"start":{"line":2,"column":29},"end":{"line":2,"column":70}},"2":{"start":{"line":4,"column":0},"end":{"line":53,"column":1}},"3":{"start":{"line":5,"column":19},"end":{"line":5,"column":35}},"4":{"start":{"line":7,"column":4},"end":{"line":13,"column":6}},"5":{"start":{"line":8,"column":8},"end":{"line":12,"column":38}},"6":{"start":{"line":10,"column":16},"end":{"line":11,"column":27}},"7":{"start":{"line":10,"column":51},"end":{"line":10,"column":83}},"8":{"start":{"line":11,"column":21},"end":{"line":11,"column":27}},"9":{"start":{"line":12,"column":28},"end":{"line":12,"column":37}},"10":{"start":{"line":15,"column":21},"end":{"line":19,"column":5}},"11":{"start":{"line":16,"column":8},"end":{"line":18,"column":36}},"12":{"start":{"line":17,"column":24},"end":{"line":17,"column":30}},"13":{"start":{"line":18,"column":26},"end":{"line":18,"column":35}},"14":{"start":{"line":21,"column":4},"end":{"line":25,"column":6}},"15":{"start":{"line":22,"column":8},"end":{"line":24,"column":36}},"16":{"start":{"line":23,"column":28},"end":{"line":23,"column":56}},"17":{"start":{"line":24,"column":26},"end":{"line":24,"column":35}},"18":{"start":{"line":27,"column":4},"end":{"line":32,"column":7}},"19":{"start":{"line":28,"column":25},"end":{"line":28,"column":60}},"20":{"start":{"line":29,"column":8},"end":{"line":31,"column":36}},"21":{"start":{"line":30,"column":28},"end":{"line":30,"column":59}},"22":{"start":{"line":31,"column":26},"end":{"line":31,"column":35}},"23":{"start":{"line":34,"column":5},"end":{"line":38,"column":6}},"24":{"start":{"line":35,"column":8},"end":{"line":37,"column":36}},"25":{"start":{"line":36,"column":28},"end":{"line":36,"column":56}},"26":{"start":{"line":37,"column":26},"end":{"line":37,"column":35}},"27":{"start":{"line":40,"column":4},"end":{"line":44,"column":6}},"28":{"start":{"line":41,"column":8},"end":{"line":43,"column":36}},"29":{"start":{"line":42,"column":28},"end":{"line":42,"column":59}},"30":{"start":{"line":43,"column":26},"end":{"line":43,"column":35}},"31":{"start":{"line":46,"column":4},"end":{"line":50,"column":6}},"32":{"start":{"line":47,"column":8},"end":{"line":49,"column":36}},"33":{"start":{"line":48,"column":24},"end":{"line":48,"column":46}},"34":{"start":{"line":49,"column":26},"end":{"line":49,"column":35}},"35":{"start":{"line":52,"column":4},"end":{"line":52,"column":17}}},"fnMap":{"0":{"name":"(anonymous_0)","decl":{"start":{"line":4,"column":17},"end":{"line":4,"column":18}},"loc":{"start":{"line":4,"column":26},"end":{"line":53,"column":1}},"line":4},"1":{"name":"(anonymous_1)","decl":{"start":{"line":7,"column":23},"end":{"line":7,"column":24}},"loc":{"start":{"line":7,"column":43},"end":{"line":13,"column":5}},"line":7},"2":{"name":"(anonymous_2)","decl":{"start":{"line":9,"column":18},"end":{"line":9,"column":19}},"loc":{"start":{"line":9,"column":28},"end":{"line":12,"column":13}},"line":9},"3":{"name":"(anonymous_3)","decl":{"start":{"line":12,"column":21},"end":{"line":12,"column":22}},"loc":{"start":{"line":12,"column":28},"end":{"line":12,"column":37}},"line":12},"4":{"name":"(anonymous_4)","decl":{"start":{"line":15,"column":21},"end":{"line":15,"column":22}},"loc":{"start":{"line":15,"column":41},"end":{"line":19,"column":5}},"line":15},"5":{"name":"(anonymous_5)","decl":{"start":{"line":17,"column":18},"end":{"line":17,"column":19}},"loc":{"start":{"line":17,"column":24},"end":{"line":17,"column":30}},"line":17},"6":{"name":"(anonymous_6)","decl":{"start":{"line":18,"column":19},"end":{"line":18,"column":20}},"loc":{"start":{"line":18,"column":26},"end":{"line":18,"column":35}},"line":18},"7":{"name":"(anonymous_7)","decl":{"start":{"line":21,"column":20},"end":{"line":21,"column":21}},"loc":{"start":{"line":21,"column":40},"end":{"line":25,"column":5}},"line":21},"8":{"name":"(anonymous_8)","decl":{"start":{"line":23,"column":18},"end":{"line":23,"column":19}},"loc":{"start":{"line":23,"column":28},"end":{"line":23,"column":56}},"line":23},"9":{"name":"(anonymous_9)","decl":{"start":{"line":24,"column":19},"end":{"line":24,"column":20}},"loc":{"start":{"line":24,"column":26},"end":{"line":24,"column":35}},"line":24},"10":{"name":"(anonymous_10)","decl":{"start":{"line":27,"column":31},"end":{"line":27,"column":32}},"loc":{"start":{"line":27,"column":51},"end":{"line":32,"column":6}},"line":27},"11":{"name":"(anonymous_11)","decl":{"start":{"line":30,"column":18},"end":{"line":30,"column":19}},"loc":{"start":{"line":30,"column":28},"end":{"line":30,"column":59}},"line":30},"12":{"name":"(anonymous_12)","decl":{"start":{"line":31,"column":19},"end":{"line":31,"column":20}},"loc":{"start":{"line":31,"column":26},"end":{"line":31,"column":35}},"line":31},"13":{"name":"(anonymous_13)","decl":{"start":{"line":34,"column":24},"end":{"line":34,"column":25}},"loc":{"start":{"line":34,"column":44},"end":{"line":38,"column":5}},"line":34},"14":{"name":"(anonymous_14)","decl":{"start":{"line":36,"column":18},"end":{"line":36,"column":19}},"loc":{"start":{"line":36,"column":28},"end":{"line":36,"column":56}},"line":36},"15":{"name":"(anonymous_15)","decl":{"start":{"line":37,"column":19},"end":{"line":37,"column":20}},"loc":{"start":{"line":37,"column":26},"end":{"line":37,"column":35}},"line":37},"16":{"name":"(anonymous_16)","decl":{"start":{"line":40,"column":33},"end":{"line":40,"column":34}},"loc":{"start":{"line":40,"column":53},"end":{"line":44,"column":5}},"line":40},"17":{"name":"(anonymous_17)","decl":{"start":{"line":42,"column":18},"end":{"line":42,"column":19}},"loc":{"start":{"line":42,"column":28},"end":{"line":42,"column":59}},"line":42},"18":{"name":"(anonymous_18)","decl":{"start":{"line":43,"column":19},"end":{"line":43,"column":20}},"loc":{"start":{"line":43,"column":26},"end":{"line":43,"column":35}},"line":43},"19":{"name":"(anonymous_19)","decl":{"start":{"line":46,"column":26},"end":{"line":46,"column":27}},"loc":{"start":{"line":46,"column":46},"end":{"line":50,"column":5}},"line":46},"20":{"name":"(anonymous_20)","decl":{"start":{"line":48,"column":18},"end":{"line":48,"column":19}},"loc":{"start":{"line":48,"column":24},"end":{"line":48,"column":46}},"line":48},"21":{"name":"(anonymous_21)","decl":{"start":{"line":49,"column":19},"end":{"line":49,"column":20}},"loc":{"start":{"line":49,"column":26},"end":{"line":49,"column":35}},"line":49}},"branchMap":{"0":{"loc":{"start":{"line":10,"column":16},"end":{"line":11,"column":27}},"type":"if","locations":[{"start":{"line":10,"column":16},"end":{"line":11,"column":27}},{"start":{"line":10,"column":16},"end":{"line":11,"column":27}}],"line":10}},"s":{"0":7,"1":7,"2":7,"3":7,"4":7,"5":0,"6":0,"7":0,"8":0,"9":0,"10":7,"11":0,"12":0,"13":0,"14":7,"15":0,"16":0,"17":0,"18":7,"19":0,"20":0,"21":0,"22":0,"23":7,"24":0,"25":0,"26":0,"27":7,"28":0,"29":0,"30":0,"31":7,"32":0,"33":0,"34":0,"35":7},"f":{"0":7,"1":0,"2":0,"3":0,"4":0,"5":0,"6":0,"7":0,"8":0,"9":0,"10":0,"11":0,"12":0,"13":0,"14":0,"15":0,"16":0,"17":0,"18":0,"19":0,"20":0,"21":0},"b":{"0":[0,0]},"_coverageSchema":"332fd63041d2c1bcb487cc26dd0d5f7d97098a6c","hash":"3bec39e624fd0139be56bd14f459aefd7fe6f0a3"}
,"C:\\Users\\Zetsu\\Desktop\\Codigos\\seubarriga\\src\\routes\\users.js": {"path":"C:\\Users\\Zetsu\\Desktop\\Codigos\\seubarriga\\src\\routes\\users.js","statementMap":{"0":{"start":{"line":1,"column":16},"end":{"line":1,"column":34}},"1":{"start":{"line":4,"column":0},"end":{"line":25,"column":1}},"2":{"start":{"line":5,"column":19},"end":{"line":5,"column":35}},"3":{"start":{"line":7,"column":4},"end":{"line":12,"column":7}},"4":{"start":{"line":9,"column":8},"end":{"line":11,"column":37}},"5":{"start":{"line":10,"column":28},"end":{"line":10,"column":56}},"6":{"start":{"line":11,"column":26},"end":{"line":11,"column":35}},"7":{"start":{"line":14,"column":4},"end":{"line":22,"column":7}},"8":{"start":{"line":15,"column":8},"end":{"line":20,"column":9}},"9":{"start":{"line":16,"column":27},"end":{"line":16,"column":65}},"10":{"start":{"line":17,"column":12},"end":{"line":17,"column":44}},"11":{"start":{"line":19,"column":12},"end":{"line":19,"column":28}},"12":{"start":{"line":24,"column":4},"end":{"line":24,"column":17}}},"fnMap":{"0":{"name":"(anonymous_0)","decl":{"start":{"line":4,"column":17},"end":{"line":4,"column":18}},"loc":{"start":{"line":4,"column":26},"end":{"line":25,"column":1}},"line":4},"1":{"name":"(anonymous_1)","decl":{"start":{"line":7,"column":20},"end":{"line":7,"column":21}},"loc":{"start":{"line":7,"column":40},"end":{"line":12,"column":5}},"line":7},"2":{"name":"(anonymous_2)","decl":{"start":{"line":10,"column":18},"end":{"line":10,"column":19}},"loc":{"start":{"line":10,"column":28},"end":{"line":10,"column":56}},"line":10},"3":{"name":"(anonymous_3)","decl":{"start":{"line":11,"column":19},"end":{"line":11,"column":20}},"loc":{"start":{"line":11,"column":26},"end":{"line":11,"column":35}},"line":11},"4":{"name":"(anonymous_4)","decl":{"start":{"line":14,"column":21},"end":{"line":14,"column":22}},"loc":{"start":{"line":14,"column":47},"end":{"line":22,"column":5}},"line":14}},"branchMap":{},"s":{"0":7,"1":7,"2":7,"3":7,"4":1,"5":1,"6":0,"7":7,"8":6,"9":6,"10":2,"11":4,"12":7},"f":{"0":7,"1":1,"2":1,"3":0,"4":6},"b":{},"_coverageSchema":"332fd63041d2c1bcb487cc26dd0d5f7d97098a6c","hash":"68af3a3b445873f19b4aa89852ccebbb0cf45244"}
,"C:\\Users\\Zetsu\\Desktop\\Codigos\\seubarriga\\src\\seeds\\01_transfer.js": {"path":"C:\\Users\\Zetsu\\Desktop\\Codigos\\seubarriga\\src\\seeds\\01_transfer.js","statementMap":{"0":{"start":{"line":2,"column":0},"end":{"line":24,"column":1}},"1":{"start":{"line":3,"column":2},"end":{"line":23,"column":7}},"2":{"start":{"line":4,"column":16},"end":{"line":4,"column":39}},"3":{"start":{"line":5,"column":16},"end":{"line":5,"column":38}},"4":{"start":{"line":6,"column":16},"end":{"line":6,"column":35}},"5":{"start":{"line":7,"column":16},"end":{"line":10,"column":6}},"6":{"start":{"line":10,"column":19},"end":{"line":15,"column":6}},"7":{"start":{"line":15,"column":19},"end":{"line":18,"column":6}},"8":{"start":{"line":18,"column":19},"end":{"line":23,"column":6}}},"fnMap":{"0":{"name":"(anonymous_0)","decl":{"start":{"line":2,"column":15},"end":{"line":2,"column":16}},"loc":{"start":{"line":2,"column":25},"end":{"line":24,"column":1}},"line":2},"1":{"name":"(anonymous_1)","decl":{"start":{"line":4,"column":10},"end":{"line":4,"column":11}},"loc":{"start":{"line":4,"column":16},"end":{"line":4,"column":39}},"line":4},"2":{"name":"(anonymous_2)","decl":{"start":{"line":5,"column":10},"end":{"line":5,"column":11}},"loc":{"start":{"line":5,"column":16},"end":{"line":5,"column":38}},"line":5},"3":{"name":"(anonymous_3)","decl":{"start":{"line":6,"column":10},"end":{"line":6,"column":11}},"loc":{"start":{"line":6,"column":16},"end":{"line":6,"column":35}},"line":6},"4":{"name":"(anonymous_4)","decl":{"start":{"line":7,"column":10},"end":{"line":7,"column":11}},"loc":{"start":{"line":7,"column":16},"end":{"line":10,"column":6}},"line":7},"5":{"name":"(anonymous_5)","decl":{"start":{"line":10,"column":13},"end":{"line":10,"column":14}},"loc":{"start":{"line":10,"column":19},"end":{"line":15,"column":6}},"line":10},"6":{"name":"(anonymous_6)","decl":{"start":{"line":15,"column":13},"end":{"line":15,"column":14}},"loc":{"start":{"line":15,"column":19},"end":{"line":18,"column":6}},"line":15},"7":{"name":"(anonymous_7)","decl":{"start":{"line":18,"column":13},"end":{"line":18,"column":14}},"loc":{"start":{"line":18,"column":19},"end":{"line":23,"column":6}},"line":18}},"branchMap":{},"s":{"0":2,"1":2,"2":2,"3":0,"4":0,"5":0,"6":0,"7":0,"8":0},"f":{"0":2,"1":2,"2":0,"3":0,"4":0,"5":0,"6":0,"7":0},"b":{},"_coverageSchema":"332fd63041d2c1bcb487cc26dd0d5f7d97098a6c","hash":"1c026eb251eb0cb8552bf8c6795ed269daef6a33"}
,"C:\\Users\\Zetsu\\Desktop\\Codigos\\seubarriga\\src\\seeds\\02_balance.js": {"path":"C:\\Users\\Zetsu\\Desktop\\Codigos\\seubarriga\\src\\seeds\\02_balance.js","statementMap":{"0":{"start":{"line":1,"column":15},"end":{"line":1,"column":32}},"1":{"start":{"line":3,"column":0},"end":{"line":43,"column":2}},"2":{"start":{"line":4,"column":2},"end":{"line":42,"column":5}},"3":{"start":{"line":9,"column":14},"end":{"line":16,"column":4}},"4":{"start":{"line":17,"column":14},"end":{"line":20,"column":4}},"5":{"start":{"line":21,"column":14},"end":{"line":42,"column":4}}},"fnMap":{"0":{"name":"(anonymous_0)","decl":{"start":{"line":3,"column":15},"end":{"line":3,"column":16}},"loc":{"start":{"line":3,"column":25},"end":{"line":43,"column":1}},"line":3},"1":{"name":"(anonymous_1)","decl":{"start":{"line":9,"column":8},"end":{"line":9,"column":9}},"loc":{"start":{"line":9,"column":14},"end":{"line":16,"column":4}},"line":9},"2":{"name":"(anonymous_2)","decl":{"start":{"line":17,"column":8},"end":{"line":17,"column":9}},"loc":{"start":{"line":17,"column":14},"end":{"line":20,"column":4}},"line":17},"3":{"name":"(anonymous_3)","decl":{"start":{"line":21,"column":8},"end":{"line":21,"column":9}},"loc":{"start":{"line":21,"column":14},"end":{"line":42,"column":4}},"line":21}},"branchMap":{},"s":{"0":2,"1":2,"2":0,"3":0,"4":0,"5":0},"f":{"0":0,"1":0,"2":0,"3":0},"b":{},"_coverageSchema":"332fd63041d2c1bcb487cc26dd0d5f7d97098a6c","hash":"e38eedafaf266c38cae56cb3de062c35a5a07863"}
,"C:\\Users\\Zetsu\\Desktop\\Codigos\\seubarriga\\src\\services\\account.js": {"path":"C:\\Users\\Zetsu\\Desktop\\Codigos\\seubarriga\\src\\services\\account.js","statementMap":{"0":{"start":{"line":1,"column":24},"end":{"line":1,"column":60}},"1":{"start":{"line":4,"column":0},"end":{"line":39,"column":1}},"2":{"start":{"line":5,"column":20},"end":{"line":7,"column":5}},"3":{"start":{"line":6,"column":8},"end":{"line":6,"column":59}},"4":{"start":{"line":9,"column":17},"end":{"line":16,"column":5}},"5":{"start":{"line":10,"column":8},"end":{"line":10,"column":87}},"6":{"start":{"line":10,"column":27},"end":{"line":10,"column":87}},"7":{"start":{"line":12,"column":22},"end":{"line":12,"column":80}},"8":{"start":{"line":13,"column":8},"end":{"line":13,"column":82}},"9":{"start":{"line":13,"column":19},"end":{"line":13,"column":82}},"10":{"start":{"line":15,"column":8},"end":{"line":15,"column":55}},"11":{"start":{"line":18,"column":17},"end":{"line":20,"column":5}},"12":{"start":{"line":19,"column":8},"end":{"line":19,"column":56}},"13":{"start":{"line":22,"column":19},"end":{"line":26,"column":5}},"14":{"start":{"line":23,"column":8},"end":{"line":25,"column":34}},"15":{"start":{"line":28,"column":19},"end":{"line":36,"column":5}},"16":{"start":{"line":30,"column":28},"end":{"line":30,"column":80}},"17":{"start":{"line":31,"column":8},"end":{"line":31,"column":93}},"18":{"start":{"line":31,"column":24},"end":{"line":31,"column":93}},"19":{"start":{"line":33,"column":8},"end":{"line":35,"column":19}},"20":{"start":{"line":38,"column":4},"end":{"line":38,"column":51}}},"fnMap":{"0":{"name":"(anonymous_0)","decl":{"start":{"line":4,"column":17},"end":{"line":4,"column":18}},"loc":{"start":{"line":4,"column":26},"end":{"line":39,"column":1}},"line":4},"1":{"name":"(anonymous_1)","decl":{"start":{"line":5,"column":20},"end":{"line":5,"column":21}},"loc":{"start":{"line":5,"column":32},"end":{"line":7,"column":5}},"line":5},"2":{"name":"(anonymous_2)","decl":{"start":{"line":9,"column":17},"end":{"line":9,"column":18}},"loc":{"start":{"line":9,"column":36},"end":{"line":16,"column":5}},"line":9},"3":{"name":"(anonymous_3)","decl":{"start":{"line":18,"column":17},"end":{"line":18,"column":18}},"loc":{"start":{"line":18,"column":34},"end":{"line":20,"column":5}},"line":18},"4":{"name":"(anonymous_4)","decl":{"start":{"line":22,"column":19},"end":{"line":22,"column":20}},"loc":{"start":{"line":22,"column":36},"end":{"line":26,"column":5}},"line":22},"5":{"name":"(anonymous_5)","decl":{"start":{"line":28,"column":19},"end":{"line":28,"column":20}},"loc":{"start":{"line":28,"column":33},"end":{"line":36,"column":5}},"line":28}},"branchMap":{"0":{"loc":{"start":{"line":10,"column":8},"end":{"line":10,"column":87}},"type":"if","locations":[{"start":{"line":10,"column":8},"end":{"line":10,"column":87}},{"start":{"line":10,"column":8},"end":{"line":10,"column":87}}],"line":10},"1":{"loc":{"start":{"line":13,"column":8},"end":{"line":13,"column":82}},"type":"if","locations":[{"start":{"line":13,"column":8},"end":{"line":13,"column":82}},{"start":{"line":13,"column":8},"end":{"line":13,"column":82}}],"line":13},"2":{"loc":{"start":{"line":18,"column":18},"end":{"line":18,"column":29}},"type":"default-arg","locations":[{"start":{"line":18,"column":27},"end":{"line":18,"column":29}}],"line":18},"3":{"loc":{"start":{"line":31,"column":8},"end":{"line":31,"column":93}},"type":"if","locations":[{"start":{"line":31,"column":8},"end":{"line":31,"column":93}},{"start":{"line":31,"column":8},"end":{"line":31,"column":93}}],"line":31}},"s":{"0":7,"1":7,"2":7,"3":0,"4":7,"5":3,"6":1,"7":2,"8":2,"9":1,"10":1,"11":7,"12":7,"13":7,"14":1,"15":7,"16":0,"17":0,"18":0,"19":0,"20":7},"f":{"0":7,"1":0,"2":3,"3":7,"4":1,"5":0},"b":{"0":[1,2],"1":[1,1],"2":[0],"3":[0,0]},"_coverageSchema":"332fd63041d2c1bcb487cc26dd0d5f7d97098a6c","hash":"c66985b42609d77e0ba9a767dc052ca471412d1f"}
,"C:\\Users\\Zetsu\\Desktop\\Codigos\\seubarriga\\src\\services\\balance.js": {"path":"C:\\Users\\Zetsu\\Desktop\\Codigos\\seubarriga\\src\\services\\balance.js","statementMap":{"0":{"start":{"line":1,"column":0},"end":{"line":14,"column":1}},"1":{"start":{"line":2,"column":21},"end":{"line":11,"column":5}},"2":{"start":{"line":3,"column":8},"end":{"line":9,"column":30}},"3":{"start":{"line":13,"column":4},"end":{"line":13,"column":23}}},"fnMap":{"0":{"name":"(anonymous_0)","decl":{"start":{"line":1,"column":17},"end":{"line":1,"column":18}},"loc":{"start":{"line":1,"column":26},"end":{"line":14,"column":1}},"line":1},"1":{"name":"(anonymous_1)","decl":{"start":{"line":2,"column":21},"end":{"line":2,"column":22}},"loc":{"start":{"line":2,"column":33},"end":{"line":11,"column":5}},"line":2}},"branchMap":{},"s":{"0":7,"1":7,"2":0,"3":7},"f":{"0":7,"1":0},"b":{},"_coverageSchema":"332fd63041d2c1bcb487cc26dd0d5f7d97098a6c","hash":"e25af13de5c38fa4f31ba8db07cfeffd5f7f83e2"}
,"C:\\Users\\Zetsu\\Desktop\\Codigos\\seubarriga\\src\\services\\transaction.js": {"path":"C:\\Users\\Zetsu\\Desktop\\Codigos\\seubarriga\\src\\services\\transaction.js","statementMap":{"0":{"start":{"line":1,"column":24},"end":{"line":1,"column":60}},"1":{"start":{"line":3,"column":0},"end":{"line":48,"column":1}},"2":{"start":{"line":4,"column":17},"end":{"line":10,"column":5}},"3":{"start":{"line":5,"column":8},"end":{"line":9,"column":21}},"4":{"start":{"line":12,"column":20},"end":{"line":16,"column":5}},"5":{"start":{"line":13,"column":8},"end":{"line":15,"column":20}},"6":{"start":{"line":18,"column":17},"end":{"line":33,"column":5}},"7":{"start":{"line":19,"column":8},"end":{"line":19,"column":91}},"8":{"start":{"line":19,"column":37},"end":{"line":19,"column":91}},"9":{"start":{"line":20,"column":8},"end":{"line":20,"column":83}},"10":{"start":{"line":20,"column":33},"end":{"line":20,"column":83}},"11":{"start":{"line":21,"column":8},"end":{"line":21,"column":79}},"12":{"start":{"line":21,"column":30},"end":{"line":21,"column":79}},"13":{"start":{"line":22,"column":8},"end":{"line":22,"column":82}},"14":{"start":{"line":22,"column":32},"end":{"line":22,"column":82}},"15":{"start":{"line":23,"column":8},"end":{"line":23,"column":79}},"16":{"start":{"line":23,"column":30},"end":{"line":23,"column":79}},"17":{"start":{"line":24,"column":8},"end":{"line":24,"column":100}},"18":{"start":{"line":24,"column":68},"end":{"line":24,"column":100}},"19":{"start":{"line":26,"column":31},"end":{"line":26,"column":49}},"20":{"start":{"line":27,"column":8},"end":{"line":30,"column":9}},"21":{"start":{"line":29,"column":16},"end":{"line":29,"column":44}},"22":{"start":{"line":32,"column":8},"end":{"line":32,"column":65}},"23":{"start":{"line":35,"column":19},"end":{"line":39,"column":5}},"24":{"start":{"line":36,"column":8},"end":{"line":38,"column":37}},"25":{"start":{"line":41,"column":19},"end":{"line":45,"column":5}},"26":{"start":{"line":42,"column":8},"end":{"line":44,"column":18}},"27":{"start":{"line":47,"column":4},"end":{"line":47,"column":50}}},"fnMap":{"0":{"name":"(anonymous_0)","decl":{"start":{"line":3,"column":17},"end":{"line":3,"column":18}},"loc":{"start":{"line":3,"column":26},"end":{"line":48,"column":1}},"line":3},"1":{"name":"(anonymous_1)","decl":{"start":{"line":4,"column":17},"end":{"line":4,"column":18}},"loc":{"start":{"line":4,"column":42},"end":{"line":10,"column":5}},"line":4},"2":{"name":"(anonymous_2)","decl":{"start":{"line":12,"column":20},"end":{"line":12,"column":21}},"loc":{"start":{"line":12,"column":32},"end":{"line":16,"column":5}},"line":12},"3":{"name":"(anonymous_3)","decl":{"start":{"line":18,"column":17},"end":{"line":18,"column":18}},"loc":{"start":{"line":18,"column":34},"end":{"line":33,"column":5}},"line":18},"4":{"name":"(anonymous_4)","decl":{"start":{"line":35,"column":19},"end":{"line":35,"column":20}},"loc":{"start":{"line":35,"column":40},"end":{"line":39,"column":5}},"line":35},"5":{"name":"(anonymous_5)","decl":{"start":{"line":41,"column":19},"end":{"line":41,"column":20}},"loc":{"start":{"line":41,"column":27},"end":{"line":45,"column":5}},"line":41}},"branchMap":{"0":{"loc":{"start":{"line":4,"column":26},"end":{"line":4,"column":37}},"type":"default-arg","locations":[{"start":{"line":4,"column":35},"end":{"line":4,"column":37}}],"line":4},"1":{"loc":{"start":{"line":19,"column":8},"end":{"line":19,"column":91}},"type":"if","locations":[{"start":{"line":19,"column":8},"end":{"line":19,"column":91}},{"start":{"line":19,"column":8},"end":{"line":19,"column":91}}],"line":19},"2":{"loc":{"start":{"line":20,"column":8},"end":{"line":20,"column":83}},"type":"if","locations":[{"start":{"line":20,"column":8},"end":{"line":20,"column":83}},{"start":{"line":20,"column":8},"end":{"line":20,"column":83}}],"line":20},"3":{"loc":{"start":{"line":21,"column":8},"end":{"line":21,"column":79}},"type":"if","locations":[{"start":{"line":21,"column":8},"end":{"line":21,"column":79}},{"start":{"line":21,"column":8},"end":{"line":21,"column":79}}],"line":21},"4":{"loc":{"start":{"line":22,"column":8},"end":{"line":22,"column":82}},"type":"if","locations":[{"start":{"line":22,"column":8},"end":{"line":22,"column":82}},{"start":{"line":22,"column":8},"end":{"line":22,"column":82}}],"line":22},"5":{"loc":{"start":{"line":23,"column":8},"end":{"line":23,"column":79}},"type":"if","locations":[{"start":{"line":23,"column":8},"end":{"line":23,"column":79}},{"start":{"line":23,"column":8},"end":{"line":23,"column":79}}],"line":23},"6":{"loc":{"start":{"line":24,"column":8},"end":{"line":24,"column":100}},"type":"if","locations":[{"start":{"line":24,"column":8},"end":{"line":24,"column":100}},{"start":{"line":24,"column":8},"end":{"line":24,"column":100}}],"line":24},"7":{"loc":{"start":{"line":24,"column":13},"end":{"line":24,"column":65}},"type":"binary-expr","locations":[{"start":{"line":24,"column":13},"end":{"line":24,"column":37}},{"start":{"line":24,"column":41},"end":{"line":24,"column":65}}],"line":24},"8":{"loc":{"start":{"line":27,"column":8},"end":{"line":30,"column":9}},"type":"if","locations":[{"start":{"line":27,"column":8},"end":{"line":30,"column":9}},{"start":{"line":27,"column":8},"end":{"line":30,"column":9}}],"line":27},"9":{"loc":{"start":{"line":27,"column":11},"end":{"line":28,"column":68}},"type":"binary-expr","locations":[{"start":{"line":27,"column":12},"end":{"line":27,"column":36}},{"start":{"line":27,"column":40},"end":{"line":27,"column":63}},{"start":{"line":28,"column":16},"end":{"line":28,"column":40}},{"start":{"line":28,"column":44},"end":{"line":28,"column":67}}],"line":27}},"s":{"0":7,"1":7,"2":7,"3":0,"4":7,"5":0,"6":7,"7":0,"8":0,"9":0,"10":0,"11":0,"12":0,"13":0,"14":0,"15":0,"16":0,"17":0,"18":0,"19":0,"20":0,"21":0,"22":0,"23":7,"24":0,"25":7,"26":0,"27":7},"f":{"0":7,"1":0,"2":0,"3":0,"4":0,"5":0},"b":{"0":[0],"1":[0,0],"2":[0,0],"3":[0,0],"4":[0,0],"5":[0,0],"6":[0,0],"7":[0,0],"8":[0,0],"9":[0,0,0,0]},"_coverageSchema":"332fd63041d2c1bcb487cc26dd0d5f7d97098a6c","hash":"15c6184d40ea6b0573b21321d398e773bf48650d"}
,"C:\\Users\\Zetsu\\Desktop\\Codigos\\seubarriga\\src\\services\\transfer.js": {"path":"C:\\Users\\Zetsu\\Desktop\\Codigos\\seubarriga\\src\\services\\transfer.js","statementMap":{"0":{"start":{"line":1,"column":24},"end":{"line":1,"column":60}},"1":{"start":{"line":3,"column":0},"end":{"line":67,"column":1}},"2":{"start":{"line":4,"column":17},"end":{"line":8,"column":5}},"3":{"start":{"line":5,"column":8},"end":{"line":7,"column":21}},"4":{"start":{"line":10,"column":20},"end":{"line":14,"column":5}},"5":{"start":{"line":11,"column":8},"end":{"line":13,"column":20}},"6":{"start":{"line":16,"column":21},"end":{"line":28,"column":5}},"7":{"start":{"line":17,"column":8},"end":{"line":17,"column":98}},"8":{"start":{"line":17,"column":34},"end":{"line":17,"column":98}},"9":{"start":{"line":18,"column":8},"end":{"line":18,"column":90}},"10":{"start":{"line":18,"column":30},"end":{"line":18,"column":90}},"11":{"start":{"line":19,"column":8},"end":{"line":19,"column":86}},"12":{"start":{"line":19,"column":27},"end":{"line":19,"column":86}},"13":{"start":{"line":20,"column":8},"end":{"line":20,"column":103}},"14":{"start":{"line":20,"column":33},"end":{"line":20,"column":103}},"15":{"start":{"line":21,"column":8},"end":{"line":21,"column":105}},"16":{"start":{"line":21,"column":34},"end":{"line":21,"column":105}},"17":{"start":{"line":22,"column":8},"end":{"line":22,"column":130}},"18":{"start":{"line":22,"column":57},"end":{"line":22,"column":130}},"19":{"start":{"line":24,"column":25},"end":{"line":24,"column":108}},"20":{"start":{"line":25,"column":8},"end":{"line":27,"column":10}},"21":{"start":{"line":26,"column":12},"end":{"line":26,"column":132}},"22":{"start":{"line":26,"column":63},"end":{"line":26,"column":132}},"23":{"start":{"line":30,"column":17},"end":{"line":42,"column":5}},"24":{"start":{"line":32,"column":23},"end":{"line":32,"column":70}},"25":{"start":{"line":33,"column":27},"end":{"line":33,"column":39}},"26":{"start":{"line":35,"column":29},"end":{"line":38,"column":9}},"27":{"start":{"line":40,"column":8},"end":{"line":40,"column":57}},"28":{"start":{"line":41,"column":8},"end":{"line":41,"column":21}},"29":{"start":{"line":44,"column":19},"end":{"line":58,"column":5}},"30":{"start":{"line":46,"column":23},"end":{"line":48,"column":34}},"31":{"start":{"line":49,"column":29},"end":{"line":52,"column":9}},"32":{"start":{"line":53,"column":8},"end":{"line":53,"column":67}},"33":{"start":{"line":54,"column":8},"end":{"line":54,"column":57}},"34":{"start":{"line":57,"column":8},"end":{"line":57,"column":21}},"35":{"start":{"line":60,"column":19},"end":{"line":63,"column":5}},"36":{"start":{"line":61,"column":8},"end":{"line":61,"column":67}},"37":{"start":{"line":62,"column":8},"end":{"line":62,"column":52}},"38":{"start":{"line":66,"column":4},"end":{"line":66,"column":60}}},"fnMap":{"0":{"name":"(anonymous_0)","decl":{"start":{"line":3,"column":17},"end":{"line":3,"column":18}},"loc":{"start":{"line":3,"column":26},"end":{"line":67,"column":1}},"line":3},"1":{"name":"(anonymous_1)","decl":{"start":{"line":4,"column":17},"end":{"line":4,"column":18}},"loc":{"start":{"line":4,"column":34},"end":{"line":8,"column":5}},"line":4},"2":{"name":"(anonymous_2)","decl":{"start":{"line":10,"column":20},"end":{"line":10,"column":21}},"loc":{"start":{"line":10,"column":37},"end":{"line":14,"column":5}},"line":10},"3":{"name":"(anonymous_3)","decl":{"start":{"line":16,"column":21},"end":{"line":16,"column":22}},"loc":{"start":{"line":16,"column":41},"end":{"line":28,"column":5}},"line":16},"4":{"name":"(anonymous_4)","decl":{"start":{"line":25,"column":25},"end":{"line":25,"column":26}},"loc":{"start":{"line":25,"column":34},"end":{"line":27,"column":9}},"line":25},"5":{"name":"(anonymous_5)","decl":{"start":{"line":30,"column":17},"end":{"line":30,"column":18}},"loc":{"start":{"line":30,"column":37},"end":{"line":42,"column":5}},"line":30},"6":{"name":"(anonymous_6)","decl":{"start":{"line":44,"column":19},"end":{"line":44,"column":20}},"loc":{"start":{"line":44,"column":43},"end":{"line":58,"column":5}},"line":44},"7":{"name":"(anonymous_7)","decl":{"start":{"line":60,"column":19},"end":{"line":60,"column":20}},"loc":{"start":{"line":60,"column":33},"end":{"line":63,"column":5}},"line":60}},"branchMap":{"0":{"loc":{"start":{"line":4,"column":18},"end":{"line":4,"column":29}},"type":"default-arg","locations":[{"start":{"line":4,"column":27},"end":{"line":4,"column":29}}],"line":4},"1":{"loc":{"start":{"line":10,"column":21},"end":{"line":10,"column":32}},"type":"default-arg","locations":[{"start":{"line":10,"column":30},"end":{"line":10,"column":32}}],"line":10},"2":{"loc":{"start":{"line":17,"column":8},"end":{"line":17,"column":98}},"type":"if","locations":[{"start":{"line":17,"column":8},"end":{"line":17,"column":98}},{"start":{"line":17,"column":8},"end":{"line":17,"column":98}}],"line":17},"3":{"loc":{"start":{"line":18,"column":8},"end":{"line":18,"column":90}},"type":"if","locations":[{"start":{"line":18,"column":8},"end":{"line":18,"column":90}},{"start":{"line":18,"column":8},"end":{"line":18,"column":90}}],"line":18},"4":{"loc":{"start":{"line":19,"column":8},"end":{"line":19,"column":86}},"type":"if","locations":[{"start":{"line":19,"column":8},"end":{"line":19,"column":86}},{"start":{"line":19,"column":8},"end":{"line":19,"column":86}}],"line":19},"5":{"loc":{"start":{"line":20,"column":8},"end":{"line":20,"column":103}},"type":"if","locations":[{"start":{"line":20,"column":8},"end":{"line":20,"column":103}},{"start":{"line":20,"column":8},"end":{"line":20,"column":103}}],"line":20},"6":{"loc":{"start":{"line":21,"column":8},"end":{"line":21,"column":105}},"type":"if","locations":[{"start":{"line":21,"column":8},"end":{"line":21,"column":105}},{"start":{"line":21,"column":8},"end":{"line":21,"column":105}}],"line":21},"7":{"loc":{"start":{"line":22,"column":8},"end":{"line":22,"column":130}},"type":"if","locations":[{"start":{"line":22,"column":8},"end":{"line":22,"column":130}},{"start":{"line":22,"column":8},"end":{"line":22,"column":130}}],"line":22},"8":{"loc":{"start":{"line":26,"column":12},"end":{"line":26,"column":132}},"type":"if","locations":[{"start":{"line":26,"column":12},"end":{"line":26,"column":132}},{"start":{"line":26,"column":12},"end":{"line":26,"column":132}}],"line":26}},"s":{"0":7,"1":7,"2":7,"3":0,"4":7,"5":0,"6":7,"7":0,"8":0,"9":0,"10":0,"11":0,"12":0,"13":0,"14":0,"15":0,"16":0,"17":0,"18":0,"19":0,"20":0,"21":0,"22":0,"23":7,"24":0,"25":0,"26":0,"27":0,"28":0,"29":7,"30":0,"31":0,"32":0,"33":0,"34":0,"35":7,"36":0,"37":0,"38":7},"f":{"0":7,"1":0,"2":0,"3":0,"4":0,"5":0,"6":0,"7":0},"b":{"0":[0],"1":[0],"2":[0,0],"3":[0,0],"4":[0,0],"5":[0,0],"6":[0,0],"7":[0,0],"8":[0,0]},"_coverageSchema":"332fd63041d2c1bcb487cc26dd0d5f7d97098a6c","hash":"de76938a6685b7390b3ef090db7d7b29706aa243"}
,"C:\\Users\\Zetsu\\Desktop\\Codigos\\seubarriga\\src\\services\\user.js": {"path":"C:\\Users\\Zetsu\\Desktop\\Codigos\\seubarriga\\src\\services\\user.js","statementMap":{"0":{"start":{"line":1,"column":15},"end":{"line":1,"column":39}},"1":{"start":{"line":2,"column":24},"end":{"line":2,"column":60}},"2":{"start":{"line":3,"column":16},"end":{"line":3,"column":33}},"3":{"start":{"line":5,"column":0},"end":{"line":36,"column":1}},"4":{"start":{"line":6,"column":20},"end":{"line":8,"column":5}},"5":{"start":{"line":7,"column":8},"end":{"line":7,"column":62}},"6":{"start":{"line":10,"column":20},"end":{"line":12,"column":5}},"7":{"start":{"line":11,"column":8},"end":{"line":11,"column":53}},"8":{"start":{"line":14,"column":26},"end":{"line":17,"column":5}},"9":{"start":{"line":15,"column":21},"end":{"line":15,"column":43}},"10":{"start":{"line":16,"column":8},"end":{"line":16,"column":44}},"11":{"start":{"line":19,"column":17},"end":{"line":32,"column":5}},"12":{"start":{"line":20,"column":8},"end":{"line":20,"column":85}},"13":{"start":{"line":20,"column":24},"end":{"line":20,"column":85}},"14":{"start":{"line":21,"column":8},"end":{"line":21,"column":86}},"15":{"start":{"line":21,"column":24},"end":{"line":21,"column":86}},"16":{"start":{"line":22,"column":8},"end":{"line":22,"column":88}},"17":{"start":{"line":22,"column":26},"end":{"line":22,"column":88}},"18":{"start":{"line":24,"column":23},"end":{"line":24,"column":55}},"19":{"start":{"line":25,"column":8},"end":{"line":26,"column":78}},"20":{"start":{"line":26,"column":12},"end":{"line":26,"column":78}},"21":{"start":{"line":29,"column":24},"end":{"line":29,"column":34}},"22":{"start":{"line":30,"column":8},"end":{"line":30,"column":51}},"23":{"start":{"line":31,"column":8},"end":{"line":31,"column":71}},"24":{"start":{"line":34,"column":4},"end":{"line":34,"column":36}}},"fnMap":{"0":{"name":"(anonymous_0)","decl":{"start":{"line":5,"column":17},"end":{"line":5,"column":18}},"loc":{"start":{"line":5,"column":26},"end":{"line":36,"column":1}},"line":5},"1":{"name":"(anonymous_1)","decl":{"start":{"line":6,"column":20},"end":{"line":6,"column":21}},"loc":{"start":{"line":6,"column":26},"end":{"line":8,"column":5}},"line":6},"2":{"name":"(anonymous_2)","decl":{"start":{"line":10,"column":20},"end":{"line":10,"column":21}},"loc":{"start":{"line":10,"column":37},"end":{"line":12,"column":5}},"line":10},"3":{"name":"(anonymous_3)","decl":{"start":{"line":14,"column":26},"end":{"line":14,"column":27}},"loc":{"start":{"line":14,"column":38},"end":{"line":17,"column":5}},"line":14},"4":{"name":"(anonymous_4)","decl":{"start":{"line":19,"column":17},"end":{"line":19,"column":18}},"loc":{"start":{"line":19,"column":33},"end":{"line":32,"column":5}},"line":19}},"branchMap":{"0":{"loc":{"start":{"line":10,"column":21},"end":{"line":10,"column":32}},"type":"default-arg","locations":[{"start":{"line":10,"column":30},"end":{"line":10,"column":32}}],"line":10},"1":{"loc":{"start":{"line":20,"column":8},"end":{"line":20,"column":85}},"type":"if","locations":[{"start":{"line":20,"column":8},"end":{"line":20,"column":85}},{"start":{"line":20,"column":8},"end":{"line":20,"column":85}}],"line":20},"2":{"loc":{"start":{"line":21,"column":8},"end":{"line":21,"column":86}},"type":"if","locations":[{"start":{"line":21,"column":8},"end":{"line":21,"column":86}},{"start":{"line":21,"column":8},"end":{"line":21,"column":86}}],"line":21},"3":{"loc":{"start":{"line":22,"column":8},"end":{"line":22,"column":88}},"type":"if","locations":[{"start":{"line":22,"column":8},"end":{"line":22,"column":88}},{"start":{"line":22,"column":8},"end":{"line":22,"column":88}}],"line":22},"4":{"loc":{"start":{"line":25,"column":8},"end":{"line":26,"column":78}},"type":"if","locations":[{"start":{"line":25,"column":8},"end":{"line":26,"column":78}},{"start":{"line":25,"column":8},"end":{"line":26,"column":78}}],"line":25}},"s":{"0":7,"1":7,"2":7,"3":7,"4":7,"5":1,"6":7,"7":76,"8":7,"9":26,"10":26,"11":7,"12":30,"13":1,"14":29,"15":1,"16":28,"17":1,"18":27,"19":27,"20":1,"21":26,"22":26,"23":26,"24":7},"f":{"0":7,"1":1,"2":76,"3":26,"4":30},"b":{"0":[0],"1":[1,29],"2":[1,28],"3":[1,27],"4":[1,26]},"_coverageSchema":"332fd63041d2c1bcb487cc26dd0d5f7d97098a6c","hash":"f1b00284105628bc484dbf9b80b1499dda5ebd45"}
}
