TN:
SF:C:\Users\Zetsu\Desktop\Codigos\seubarriga\knexfile.js
FNF:0
FNH:0
DA:1,7
LF:1
LH:1
BRF:0
BRH:0
end_of_record
TN:
SF:C:\Users\Zetsu\Desktop\Codigos\seubarriga\src\app.js
FN:17,(anonymous_0)
FN:21,(anonymous_1)
FNF:2
FNH:2
FNDA:1,(anonymous_0)
FNDA:10,(anonymous_1)
DA:1,7
DA:2,7
DA:3,7
DA:4,7
DA:6,7
DA:9,7
DA:17,7
DA:18,1
DA:21,7
DA:22,10
DA:23,10
DA:24,2
DA:26,2
DA:27,2
DA:28,2
DA:32,7
LF:16
LH:16
BRDA:23,0,0,8
BRDA:23,0,1,2
BRDA:24,1,0,0
BRDA:24,1,1,2
BRF:4
BRH:3
end_of_record
TN:
SF:C:\Users\Zetsu\Desktop\Codigos\seubarriga\src\config\middlewares.js
FN:5,(anonymous_0)
FNF:1
FNH:1
FNDA:7,(anonymous_0)
DA:1,7
DA:2,7
DA:5,7
DA:6,7
DA:7,7
LF:5
LH:5
BRF:0
BRH:0
end_of_record
TN:
SF:C:\Users\Zetsu\Desktop\Codigos\seubarriga\src\config\passport.js
FN:8,(anonymous_0)
FN:14,(anonymous_1)
FN:16,(anonymous_2)
FN:19,(anonymous_3)
FN:25,(anonymous_4)
FNF:5
FNH:4
FNDA:7,(anonymous_0)
FNDA:45,(anonymous_1)
FNDA:45,(anonymous_2)
FNDA:0,(anonymous_3)
FNDA:7,(anonymous_4)
DA:1,7
DA:2,7
DA:4,7
DA:6,7
DA:8,7
DA:9,7
DA:14,7
DA:15,45
DA:17,45
DA:18,31
DA:19,0
DA:22,7
DA:24,7
DA:25,7
LF:14
LH:13
BRDA:17,0,0,14
BRDA:17,0,1,31
BRF:2
BRH:2
end_of_record
TN:
SF:C:\Users\Zetsu\Desktop\Codigos\seubarriga\src\config\router.js
FN:3,(anonymous_0)
FN:16,(anonymous_1)
FNF:2
FNH:1
FNDA:7,(anonymous_0)
FNDA:0,(anonymous_1)
DA:1,7
DA:3,7
DA:4,7
DA:5,7
DA:7,7
DA:8,7
DA:9,7
DA:10,7
DA:11,7
DA:14,7
DA:16,7
DA:17,7
LF:12
LH:12
BRF:0
BRH:0
end_of_record
TN:
SF:C:\Users\Zetsu\Desktop\Codigos\seubarriga\src\errors\RecursoIndevidoError.js
FN:1,RecursoIndevidoError
FNF:1
FNH:1
FNDA:2,RecursoIndevidoError
DA:1,7
DA:2,2
DA:3,2
LF:3
LH:3
BRDA:1,0,0,2
BRF:1
BRH:1
end_of_record
TN:
SF:C:\Users\Zetsu\Desktop\Codigos\seubarriga\src\errors\ValidationError.js
FN:1,ValidationError
FNF:1
FNH:1
FNDA:8,ValidationError
DA:1,14
DA:2,8
DA:3,8
LF:3
LH:3
BRF:0
BRH:0
end_of_record
TN:
SF:C:\Users\Zetsu\Desktop\Codigos\seubarriga\src\routes\accounts.js
FN:6,(anonymous_0)
FN:9,(anonymous_1)
FN:11,(anonymous_2)
FN:15,(anonymous_3)
FN:18,(anonymous_4)
FN:20,(anonymous_5)
FN:22,(anonymous_6)
FN:25,(anonymous_7)
FN:27,(anonymous_8)
FN:28,(anonymous_9)
FN:31,(anonymous_10)
FN:33,(anonymous_11)
FN:34,(anonymous_12)
FN:37,(anonymous_13)
FN:39,(anonymous_14)
FN:40,(anonymous_15)
FN:43,(anonymous_16)
FN:45,(anonymous_17)
FN:46,(anonymous_18)
FNF:19
FNH:11
FNDA:7,(anonymous_0)
FNDA:4,(anonymous_1)
FNDA:4,(anonymous_2)
FNDA:2,(anonymous_3)
FNDA:3,(anonymous_4)
FNDA:1,(anonymous_5)
FNDA:2,(anonymous_6)
FNDA:0,(anonymous_7)
FNDA:0,(anonymous_8)
FNDA:0,(anonymous_9)
FNDA:1,(anonymous_10)
FNDA:1,(anonymous_11)
FNDA:0,(anonymous_12)
FNDA:1,(anonymous_13)
FNDA:1,(anonymous_14)
FNDA:0,(anonymous_15)
FNDA:0,(anonymous_16)
FNDA:0,(anonymous_17)
FNDA:0,(anonymous_18)
DA:1,7
DA:3,7
DA:6,7
DA:7,7
DA:9,7
DA:10,4
DA:12,4
DA:13,2
DA:15,2
DA:18,7
DA:19,3
DA:21,1
DA:22,2
DA:25,7
DA:26,0
DA:27,0
DA:28,0
DA:31,7
DA:32,1
DA:33,1
DA:34,0
DA:37,7
DA:38,1
DA:39,1
DA:40,0
DA:43,7
DA:44,0
DA:45,0
DA:46,0
DA:51,7
LF:30
LH:22
BRDA:12,0,0,2
BRDA:12,0,1,2
BRF:2
BRH:2
end_of_record
TN:
SF:C:\Users\Zetsu\Desktop\Codigos\seubarriga\src\routes\auth.js
FN:9,(anonymous_0)
FN:12,(anonymous_1)
FN:14,(anonymous_2)
FN:26,(anonymous_3)
FN:29,(anonymous_4)
FNF:5
FNH:5
FNDA:7,(anonymous_0)
FNDA:3,(anonymous_1)
FNDA:3,(anonymous_2)
FNDA:2,(anonymous_3)
FNDA:1,(anonymous_4)
DA:1,7
DA:2,7
DA:3,7
DA:4,7
DA:6,7
DA:9,7
DA:10,7
DA:12,7
DA:13,3
DA:15,3
DA:16,2
DA:17,1
DA:22,1
DA:23,1
DA:24,1
DA:26,2
DA:29,7
DA:30,1
DA:31,1
DA:32,1
DA:34,0
DA:39,7
LF:22
LH:21
BRDA:15,0,0,1
BRDA:15,0,1,2
BRDA:16,1,0,1
BRDA:16,1,1,1
BRF:4
BRH:4
end_of_record
TN:
SF:C:\Users\Zetsu\Desktop\Codigos\seubarriga\src\routes\balance.js
FN:4,(anonymous_0)
FN:7,(anonymous_1)
FN:9,(anonymous_2)
FN:10,(anonymous_3)
FNF:4
FNH:1
FNDA:7,(anonymous_0)
FNDA:0,(anonymous_1)
FNDA:0,(anonymous_2)
FNDA:0,(anonymous_3)
DA:1,7
DA:2,7
DA:4,7
DA:5,7
DA:7,7
DA:8,0
DA:9,0
DA:10,0
DA:13,7
LF:9
LH:6
BRF:0
BRH:0
end_of_record
TN:
SF:C:\Users\Zetsu\Desktop\Codigos\seubarriga\src\routes\transactions.js
FN:4,(anonymous_0)
FN:7,(anonymous_1)
FN:9,(anonymous_2)
FN:12,(anonymous_3)
FN:15,(anonymous_4)
FN:17,(anonymous_5)
FN:18,(anonymous_6)
FN:21,(anonymous_7)
FN:23,(anonymous_8)
FN:24,(anonymous_9)
FN:27,(anonymous_10)
FN:29,(anonymous_11)
FN:30,(anonymous_12)
FN:33,(anonymous_13)
FN:35,(anonymous_14)
FN:36,(anonymous_15)
FN:39,(anonymous_16)
FN:41,(anonymous_17)
FN:42,(anonymous_18)
FNF:19
FNH:1
FNDA:7,(anonymous_0)
FNDA:0,(anonymous_1)
FNDA:0,(anonymous_2)
FNDA:0,(anonymous_3)
FNDA:0,(anonymous_4)
FNDA:0,(anonymous_5)
FNDA:0,(anonymous_6)
FNDA:0,(anonymous_7)
FNDA:0,(anonymous_8)
FNDA:0,(anonymous_9)
FNDA:0,(anonymous_10)
FNDA:0,(anonymous_11)
FNDA:0,(anonymous_12)
FNDA:0,(anonymous_13)
FNDA:0,(anonymous_14)
FNDA:0,(anonymous_15)
FNDA:0,(anonymous_16)
FNDA:0,(anonymous_17)
FNDA:0,(anonymous_18)
DA:1,7
DA:2,7
DA:4,7
DA:5,7
DA:7,7
DA:8,0
DA:10,0
DA:11,0
DA:12,0
DA:15,7
DA:16,0
DA:17,0
DA:18,0
DA:21,7
DA:22,0
DA:23,0
DA:24,0
DA:27,7
DA:28,0
DA:29,0
DA:30,0
DA:33,7
DA:34,0
DA:35,0
DA:36,0
DA:39,7
DA:40,0
DA:41,0
DA:42,0
DA:46,7
LF:30
LH:11
BRDA:10,0,0,0
BRDA:10,0,1,0
BRF:2
BRH:0
end_of_record
TN:
SF:C:\Users\Zetsu\Desktop\Codigos\seubarriga\src\routes\transfers.js
FN:4,(anonymous_0)
FN:7,(anonymous_1)
FN:9,(anonymous_2)
FN:12,(anonymous_3)
FN:15,(anonymous_4)
FN:17,(anonymous_5)
FN:18,(anonymous_6)
FN:21,(anonymous_7)
FN:23,(anonymous_8)
FN:24,(anonymous_9)
FN:27,(anonymous_10)
FN:30,(anonymous_11)
FN:31,(anonymous_12)
FN:34,(anonymous_13)
FN:36,(anonymous_14)
FN:37,(anonymous_15)
FN:40,(anonymous_16)
FN:42,(anonymous_17)
FN:43,(anonymous_18)
FN:46,(anonymous_19)
FN:48,(anonymous_20)
FN:49,(anonymous_21)
FNF:22
FNH:1
FNDA:7,(anonymous_0)
FNDA:0,(anonymous_1)
FNDA:0,(anonymous_2)
FNDA:0,(anonymous_3)
FNDA:0,(anonymous_4)
FNDA:0,(anonymous_5)
FNDA:0,(anonymous_6)
FNDA:0,(anonymous_7)
FNDA:0,(anonymous_8)
FNDA:0,(anonymous_9)
FNDA:0,(anonymous_10)
FNDA:0,(anonymous_11)
FNDA:0,(anonymous_12)
FNDA:0,(anonymous_13)
FNDA:0,(anonymous_14)
FNDA:0,(anonymous_15)
FNDA:0,(anonymous_16)
FNDA:0,(anonymous_17)
FNDA:0,(anonymous_18)
FNDA:0,(anonymous_19)
FNDA:0,(anonymous_20)
FNDA:0,(anonymous_21)
DA:1,7
DA:2,7
DA:4,7
DA:5,7
DA:7,7
DA:8,0
DA:10,0
DA:11,0
DA:12,0
DA:15,7
DA:16,0
DA:17,0
DA:18,0
DA:21,7
DA:22,0
DA:23,0
DA:24,0
DA:27,7
DA:28,0
DA:29,0
DA:30,0
DA:31,0
DA:34,7
DA:35,0
DA:36,0
DA:37,0
DA:40,7
DA:41,0
DA:42,0
DA:43,0
DA:46,7
DA:47,0
DA:48,0
DA:49,0
DA:52,7
LF:35
LH:12
BRDA:10,0,0,0
BRDA:10,0,1,0
BRF:2
BRH:0
end_of_record
TN:
SF:C:\Users\Zetsu\Desktop\Codigos\seubarriga\src\routes\users.js
FN:4,(anonymous_0)
FN:7,(anonymous_1)
FN:10,(anonymous_2)
FN:11,(anonymous_3)
FN:14,(anonymous_4)
FNF:5
FNH:4
FNDA:7,(anonymous_0)
FNDA:1,(anonymous_1)
FNDA:1,(anonymous_2)
FNDA:0,(anonymous_3)
FNDA:6,(anonymous_4)
DA:1,7
DA:4,7
DA:5,7
DA:7,7
DA:9,1
DA:10,1
DA:11,0
DA:14,7
DA:15,6
DA:16,6
DA:17,2
DA:19,4
DA:24,7
LF:13
LH:12
BRF:0
BRH:0
end_of_record
TN:
SF:C:\Users\Zetsu\Desktop\Codigos\seubarriga\src\seeds\01_transfer.js
FN:2,(anonymous_0)
FN:4,(anonymous_1)
FN:5,(anonymous_2)
FN:6,(anonymous_3)
FN:7,(anonymous_4)
FN:10,(anonymous_5)
FN:15,(anonymous_6)
FN:18,(anonymous_7)
FNF:8
FNH:2
FNDA:2,(anonymous_0)
FNDA:2,(anonymous_1)
FNDA:0,(anonymous_2)
FNDA:0,(anonymous_3)
FNDA:0,(anonymous_4)
FNDA:0,(anonymous_5)
FNDA:0,(anonymous_6)
FNDA:0,(anonymous_7)
DA:2,2
DA:3,2
DA:4,2
DA:5,0
DA:6,0
DA:7,0
DA:10,0
DA:15,0
DA:18,0
LF:9
LH:3
BRF:0
BRH:0
end_of_record
TN:
SF:C:\Users\Zetsu\Desktop\Codigos\seubarriga\src\seeds\02_balance.js
FN:3,(anonymous_0)
FN:9,(anonymous_1)
FN:17,(anonymous_2)
FN:21,(anonymous_3)
FNF:4
FNH:0
FNDA:0,(anonymous_0)
FNDA:0,(anonymous_1)
FNDA:0,(anonymous_2)
FNDA:0,(anonymous_3)
DA:1,2
DA:3,2
DA:4,0
DA:9,0
DA:17,0
DA:21,0
LF:6
LH:2
BRF:0
BRH:0
end_of_record
TN:
SF:C:\Users\Zetsu\Desktop\Codigos\seubarriga\src\services\account.js
FN:4,(anonymous_0)
FN:5,(anonymous_1)
FN:9,(anonymous_2)
FN:18,(anonymous_3)
FN:22,(anonymous_4)
FN:28,(anonymous_5)
FNF:6
FNH:4
FNDA:7,(anonymous_0)
FNDA:0,(anonymous_1)
FNDA:3,(anonymous_2)
FNDA:7,(anonymous_3)
FNDA:1,(anonymous_4)
FNDA:0,(anonymous_5)
DA:1,7
DA:4,7
DA:5,7
DA:6,0
DA:9,7
DA:10,3
DA:12,2
DA:13,2
DA:15,1
DA:18,7
DA:19,7
DA:22,7
DA:23,1
DA:28,7
DA:30,0
DA:31,0
DA:33,0
DA:38,7
LF:18
LH:14
BRDA:10,0,0,1
BRDA:10,0,1,2
BRDA:13,1,0,1
BRDA:13,1,1,1
BRDA:18,2,0,0
BRDA:31,3,0,0
BRDA:31,3,1,0
BRF:7
BRH:4
end_of_record
TN:
SF:C:\Users\Zetsu\Desktop\Codigos\seubarriga\src\services\balance.js
FN:1,(anonymous_0)
FN:2,(anonymous_1)
FNF:2
FNH:1
FNDA:7,(anonymous_0)
FNDA:0,(anonymous_1)
DA:1,7
DA:2,7
DA:3,0
DA:13,7
LF:4
LH:3
BRF:0
BRH:0
end_of_record
TN:
SF:C:\Users\Zetsu\Desktop\Codigos\seubarriga\src\services\transaction.js
FN:3,(anonymous_0)
FN:4,(anonymous_1)
FN:12,(anonymous_2)
FN:18,(anonymous_3)
FN:35,(anonymous_4)
FN:41,(anonymous_5)
FNF:6
FNH:1
FNDA:7,(anonymous_0)
FNDA:0,(anonymous_1)
FNDA:0,(anonymous_2)
FNDA:0,(anonymous_3)
FNDA:0,(anonymous_4)
FNDA:0,(anonymous_5)
DA:1,7
DA:3,7
DA:4,7
DA:5,0
DA:12,7
DA:13,0
DA:18,7
DA:19,0
DA:20,0
DA:21,0
DA:22,0
DA:23,0
DA:24,0
DA:26,0
DA:27,0
DA:29,0
DA:32,0
DA:35,7
DA:36,0
DA:41,7
DA:42,0
DA:47,7
LF:22
LH:8
BRDA:4,0,0,0
BRDA:19,1,0,0
BRDA:19,1,1,0
BRDA:20,2,0,0
BRDA:20,2,1,0
BRDA:21,3,0,0
BRDA:21,3,1,0
BRDA:22,4,0,0
BRDA:22,4,1,0
BRDA:23,5,0,0
BRDA:23,5,1,0
BRDA:24,6,0,0
BRDA:24,6,1,0
BRDA:24,7,0,0
BRDA:24,7,1,0
BRDA:27,8,0,0
BRDA:27,8,1,0
BRDA:27,9,0,0
BRDA:27,9,1,0
BRDA:27,9,2,0
BRDA:27,9,3,0
BRF:21
BRH:0
end_of_record
TN:
SF:C:\Users\Zetsu\Desktop\Codigos\seubarriga\src\services\transfer.js
FN:3,(anonymous_0)
FN:4,(anonymous_1)
FN:10,(anonymous_2)
FN:16,(anonymous_3)
FN:25,(anonymous_4)
FN:30,(anonymous_5)
FN:44,(anonymous_6)
FN:60,(anonymous_7)
FNF:8
FNH:1
FNDA:7,(anonymous_0)
FNDA:0,(anonymous_1)
FNDA:0,(anonymous_2)
FNDA:0,(anonymous_3)
FNDA:0,(anonymous_4)
FNDA:0,(anonymous_5)
FNDA:0,(anonymous_6)
FNDA:0,(anonymous_7)
DA:1,7
DA:3,7
DA:4,7
DA:5,0
DA:10,7
DA:11,0
DA:16,7
DA:17,0
DA:18,0
DA:19,0
DA:20,0
DA:21,0
DA:22,0
DA:24,0
DA:25,0
DA:26,0
DA:30,7
DA:32,0
DA:33,0
DA:35,0
DA:40,0
DA:41,0
DA:44,7
DA:46,0
DA:49,0
DA:53,0
DA:54,0
DA:57,0
DA:60,7
DA:61,0
DA:62,0
DA:66,7
LF:32
LH:9
BRDA:4,0,0,0
BRDA:10,1,0,0
BRDA:17,2,0,0
BRDA:17,2,1,0
BRDA:18,3,0,0
BRDA:18,3,1,0
BRDA:19,4,0,0
BRDA:19,4,1,0
BRDA:20,5,0,0
BRDA:20,5,1,0
BRDA:21,6,0,0
BRDA:21,6,1,0
BRDA:22,7,0,0
BRDA:22,7,1,0
BRDA:26,8,0,0
BRDA:26,8,1,0
BRF:16
BRH:0
end_of_record
TN:
SF:C:\Users\Zetsu\Desktop\Codigos\seubarriga\src\services\user.js
FN:5,(anonymous_0)
FN:6,(anonymous_1)
FN:10,(anonymous_2)
FN:14,(anonymous_3)
FN:19,(anonymous_4)
FNF:5
FNH:5
FNDA:7,(anonymous_0)
FNDA:1,(anonymous_1)
FNDA:76,(anonymous_2)
FNDA:26,(anonymous_3)
FNDA:30,(anonymous_4)
DA:1,7
DA:2,7
DA:3,7
DA:5,7
DA:6,7
DA:7,1
DA:10,7
DA:11,76
DA:14,7
DA:15,26
DA:16,26
DA:19,7
DA:20,30
DA:21,29
DA:22,28
DA:24,27
DA:25,27
DA:26,1
DA:29,26
DA:30,26
DA:31,26
DA:34,7
LF:22
LH:22
BRDA:10,0,0,0
BRDA:20,1,0,1
BRDA:20,1,1,29
BRDA:21,2,0,1
BRDA:21,2,1,28
BRDA:22,3,0,1
BRDA:22,3,1,27
BRDA:25,4,0,1
BRDA:25,4,1,26
BRF:9
BRH:8
end_of_record
